2018-09-12 02:22:09.589  INFO 1112 --- [main] com.smart.program.ProgramApplication     : Starting ProgramApplication on appledeMacBook-Pro with PID 1112 (/Users/apple/work/zammc-server/smartprogram/program/target/classes started by apple in /Users/apple/work/zammc-server/smartprogram)
2018-09-12 02:22:09.595  INFO 1112 --- [main] com.smart.program.ProgramApplication     : No active profile set, falling back to default profiles: default
2018-09-12 02:22:09.646  INFO 1112 --- [main] ConfigServletWebServerApplicationContext : Refreshing org.springframework.boot.web.servlet.context.AnnotationConfigServletWebServerApplicationContext@223d2c72: startup date [Wed Sep 12 02:22:09 CST 2018]; root of context hierarchy
2018-09-12 02:22:10.932  INFO 1112 --- [main] trationDelegate$BeanPostProcessorChecker : Bean 'org.springframework.transaction.annotation.ProxyTransactionManagementConfiguration' of type [org.springframework.transaction.annotation.ProxyTransactionManagementConfiguration$$EnhancerBySpringCGLIB$$2e26d7ee] is not eligible for getting processed by all BeanPostProcessors (for example: not eligible for auto-proxying)
2018-09-12 02:22:11.225  INFO 1112 --- [main] o.s.b.w.embedded.tomcat.TomcatWebServer  : Tomcat initialized with port(s): 8080 (http)
2018-09-12 02:22:11.250  INFO 1112 --- [main] o.apache.catalina.core.StandardService   : Starting service [Tomcat]
2018-09-12 02:22:11.251  INFO 1112 --- [main] org.apache.catalina.core.StandardEngine  : Starting Servlet Engine: Apache Tomcat/8.5.29
2018-09-12 02:22:11.255  INFO 1112 --- [localhost-startStop-1] o.a.catalina.core.AprLifecycleListener   : The APR based Apache Tomcat Native library which allows optimal performance in production environments was not found on the java.library.path: [/Users/apple/Library/Java/Extensions:/Library/Java/Extensions:/Network/Library/Java/Extensions:/System/Library/Java/Extensions:/usr/lib/java:.]
2018-09-12 02:22:11.345  INFO 1112 --- [localhost-startStop-1] o.a.c.c.C.[.[localhost].[/order-foods]   : Initializing Spring embedded WebApplicationContext
2018-09-12 02:22:11.346  INFO 1112 --- [localhost-startStop-1] o.s.web.context.ContextLoader            : Root WebApplicationContext: initialization completed in 1700 ms
2018-09-12 02:22:11.478  INFO 1112 --- [localhost-startStop-1] o.s.b.w.servlet.ServletRegistrationBean  : Servlet statViewServlet mapped to [/druid/*]
2018-09-12 02:22:11.479  INFO 1112 --- [localhost-startStop-1] o.s.b.w.servlet.ServletRegistrationBean  : Servlet dispatcherServlet mapped to [/]
2018-09-12 02:22:11.482  INFO 1112 --- [localhost-startStop-1] o.s.b.w.servlet.FilterRegistrationBean   : Mapping filter: 'characterEncodingFilter' to: [/*]
2018-09-12 02:22:11.483  INFO 1112 --- [localhost-startStop-1] o.s.b.w.servlet.FilterRegistrationBean   : Mapping filter: 'hiddenHttpMethodFilter' to: [/*]
2018-09-12 02:22:11.483  INFO 1112 --- [localhost-startStop-1] o.s.b.w.servlet.FilterRegistrationBean   : Mapping filter: 'httpPutFormContentFilter' to: [/*]
2018-09-12 02:22:11.483  INFO 1112 --- [localhost-startStop-1] o.s.b.w.servlet.FilterRegistrationBean   : Mapping filter: 'requestContextFilter' to: [/*]
2018-09-12 02:22:11.483  INFO 1112 --- [localhost-startStop-1] o.s.b.w.servlet.FilterRegistrationBean   : Mapping filter: 'webStatFilter' to urls: [/*]
2018-09-12 02:22:11.874  INFO 1112 --- [main] com.alibaba.druid.pool.DruidDataSource   : {dataSource-1} inited
2018-09-12 02:22:13.467  INFO 1112 --- [main] j.LocalContainerEntityManagerFactoryBean : Building JPA container EntityManagerFactory for persistence unit 'default'
2018-09-12 02:22:13.491  INFO 1112 --- [main] o.hibernate.jpa.internal.util.LogHelper  : HHH000204: Processing PersistenceUnitInfo [
	name: default
	...]
2018-09-12 02:22:13.593  INFO 1112 --- [main] org.hibernate.Version                    : HHH000412: Hibernate Core {5.2.16.Final}
2018-09-12 02:22:13.595  INFO 1112 --- [main] org.hibernate.cfg.Environment            : HHH000206: hibernate.properties not found
2018-09-12 02:22:13.647  INFO 1112 --- [main] o.hibernate.annotations.common.Version   : HCANN000001: Hibernate Commons Annotations {5.0.1.Final}
2018-09-12 02:22:13.812  INFO 1112 --- [main] org.hibernate.dialect.Dialect            : HHH000400: Using dialect: org.hibernate.dialect.MySQL5Dialect
2018-09-12 02:22:14.444  INFO 1112 --- [main] j.LocalContainerEntityManagerFactoryBean : Initialized JPA EntityManagerFactory for persistence unit 'default'
2018-09-12 02:22:14.848  INFO 1112 --- [main] o.h.h.i.QueryTranslatorFactoryInitiator  : HHH000397: Using ASTQueryTranslatorFactory
2018-09-12 02:22:15.363  INFO 1112 --- [main] o.s.w.s.handler.SimpleUrlHandlerMapping  : Mapped URL path [/**/favicon.ico] onto handler of type [class org.springframework.web.servlet.resource.ResourceHttpRequestHandler]
2018-09-12 02:22:15.725  INFO 1112 --- [main] s.w.s.m.m.a.RequestMappingHandlerAdapter : Looking for @ControllerAdvice: org.springframework.boot.web.servlet.context.AnnotationConfigServletWebServerApplicationContext@223d2c72: startup date [Wed Sep 12 02:22:09 CST 2018]; root of context hierarchy
2018-09-12 02:22:15.814  WARN 1112 --- [main] aWebConfiguration$JpaWebMvcConfiguration : spring.jpa.open-in-view is enabled by default. Therefore, database queries may be performed during view rendering. Explicitly configure spring.jpa.open-in-view to disable this warning
2018-09-12 02:22:15.879  INFO 1112 --- [main] s.w.s.m.m.a.RequestMappingHandlerMapping : Mapped "{[/account/queryUserAccount],methods=[POST]}" onto public com.smart.program.response.ResponseVO<com.smart.program.response.account.UserAccountResponse> com.smart.program.controller.AccountController.queryUserAccount(com.smart.program.request.UserRequest)
2018-09-12 02:22:15.880  INFO 1112 --- [main] s.w.s.m.m.a.RequestMappingHandlerMapping : Mapped "{[/account/queryUserAccountWater],methods=[POST]}" onto public com.smart.program.response.ResponseVO<java.util.List<com.smart.program.response.account.UserAccountWaterResponse>> com.smart.program.controller.AccountController.queryUserAccountWater(com.smart.program.request.UserRequest)
2018-09-12 02:22:15.882  INFO 1112 --- [main] s.w.s.m.m.a.RequestMappingHandlerMapping : Mapped "{[/activity/queryActivity],methods=[POST]}" onto public com.smart.program.response.ResponseVO<com.smart.program.response.pay.PayResponse> com.smart.program.controller.ActivityController.queryActivity()
2018-09-12 02:22:15.886  INFO 1112 --- [main] s.w.s.m.m.a.RequestMappingHandlerMapping : Mapped "{[/coupon/queryCouponList],methods=[POST]}" onto public com.smart.program.response.ResponseVO<java.util.List<com.smart.program.response.coupon.CouponResponse>> com.smart.program.controller.CouponController.queryCouponList(com.smart.program.request.UserRequest)
2018-09-12 02:22:15.886  INFO 1112 --- [main] s.w.s.m.m.a.RequestMappingHandlerMapping : Mapped "{[/coupon/receiveCoupon],methods=[POST]}" onto public com.smart.program.response.ResponseVO com.smart.program.controller.CouponController.receiveCoupon(com.smart.program.request.coupon.ReceiveCouponRequest)
2018-09-12 02:22:15.886  INFO 1112 --- [main] s.w.s.m.m.a.RequestMappingHandlerMapping : Mapped "{[/coupon/queryUserCoupons]}" onto public com.smart.program.response.ResponseVO<java.util.List<com.smart.program.response.coupon.CouponResponse>> com.smart.program.controller.CouponController.queryUserCoupons(com.smart.program.request.UserRequest)
2018-09-12 02:22:15.889  INFO 1112 --- [main] s.w.s.m.m.a.RequestMappingHandlerMapping : Mapped "{[/dining/updateDiningTableStatus/{id}],methods=[GET]}" onto public com.smart.program.response.ResponseVO<java.lang.String> com.smart.program.controller.DiningTableController.updateDiningTableStatus(java.lang.Long)
2018-09-12 02:22:15.890  INFO 1112 --- [main] s.w.s.m.m.a.RequestMappingHandlerMapping : Mapped "{[/dish/dishList],methods=[POST]}" onto public com.smart.program.response.ResponseVO com.smart.program.controller.DishController.userReserve()
2018-09-12 02:22:15.890  INFO 1112 --- [main] s.w.s.m.m.a.RequestMappingHandlerMapping : Mapped "{[/dish/goodsType],methods=[POST]}" onto public com.smart.program.response.ResponseVO com.smart.program.controller.DishController.goodsType(com.smart.program.request.dish.DishTypeRequest)
2018-09-12 02:22:15.893  INFO 1112 --- [main] s.w.s.m.m.a.RequestMappingHandlerMapping : Mapped "{[/home/queryHomePage],methods=[POST]}" onto public com.smart.program.response.ResponseVO<com.smart.program.response.homepage.HomePageResponse> com.smart.program.controller.HomePageController.queryHomePage()
2018-09-12 02:22:15.894  INFO 1112 --- [main] s.w.s.m.m.a.RequestMappingHandlerMapping : Mapped "{[/login/login/{jsCode}],methods=[GET]}" onto public com.smart.program.response.ResponseVO<com.smart.program.response.login.LoginResponse> com.smart.program.controller.LoginController.login(java.lang.String)
2018-09-12 02:22:15.902  INFO 1112 --- [main] s.w.s.m.m.a.RequestMappingHandlerMapping : Mapped "{[/order/payOrder],methods=[PUT]}" onto public com.smart.program.response.ResponseVO<java.util.Map<java.lang.String, java.lang.Object>> com.smart.program.controller.OrderController.payOrder(com.smart.program.request.order.PayOrderRequest)
2018-09-12 02:22:15.903  INFO 1112 --- [main] s.w.s.m.m.a.RequestMappingHandlerMapping : Mapped "{[/order/queryUserOrder],methods=[POST]}" onto public com.smart.program.response.ResponseVO<com.smart.program.response.order.OrderResponseList> com.smart.program.controller.OrderController.queryUserOrder(com.smart.program.request.UserRequest)
2018-09-12 02:22:15.903  INFO 1112 --- [main] s.w.s.m.m.a.RequestMappingHandlerMapping : Mapped "{[/order/queryOrderDetail],methods=[POST]}" onto public com.smart.program.response.ResponseVO<com.smart.program.response.order.OrderDetailResponseList> com.smart.program.controller.OrderController.queryOrderDetail(com.smart.program.request.order.QueryOrderDetailRequest)
2018-09-12 02:22:15.903  INFO 1112 --- [main] s.w.s.m.m.a.RequestMappingHandlerMapping : Mapped "{[/order/placeOrder],methods=[POST]}" onto public com.smart.program.response.ResponseVO<com.smart.program.response.order.PlaceOrderResponse> com.smart.program.controller.OrderController.placeOrder(com.smart.program.request.order.PlaceOrderRequest)
2018-09-12 02:22:15.904  INFO 1112 --- [main] s.w.s.m.m.a.RequestMappingHandlerMapping : Mapped "{[/pay/pay],methods=[POST]}" onto public com.smart.program.response.ResponseVO<java.util.Map<java.lang.String, java.lang.Object>> com.smart.program.controller.PayController.pay(com.smart.program.request.pay.PayRequest)
2018-09-12 02:22:15.908  INFO 1112 --- [main] s.w.s.m.m.a.RequestMappingHandlerMapping : Mapped "{[/recharge/callBack]}" onto public void com.smart.program.controller.RechargeController.callBack(javax.servlet.http.HttpServletRequest,javax.servlet.http.HttpServletResponse) throws java.lang.Exception
2018-09-12 02:22:15.909  INFO 1112 --- [main] s.w.s.m.m.a.RequestMappingHandlerMapping : Mapped "{[/recharge/queryRechargePackage],methods=[POST]}" onto public com.smart.program.response.ResponseVO<java.util.List<com.smart.program.response.recharge.RechargePackageResponse>> com.smart.program.controller.RechargeController.queryRechargePackage()
2018-09-12 02:22:15.909  INFO 1112 --- [main] s.w.s.m.m.a.RequestMappingHandlerMapping : Mapped "{[/recharge/recharge],methods=[POST]}" onto public com.smart.program.response.ResponseVO<java.util.Map<java.lang.String, java.lang.Object>> com.smart.program.controller.RechargeController.recharge(com.smart.program.request.recharge.RechargeRequest)
2018-09-12 02:22:15.909  INFO 1112 --- [main] s.w.s.m.m.a.RequestMappingHandlerMapping : Mapped "{[/reserve/userReserve],methods=[POST]}" onto public com.smart.program.response.ResponseVO com.smart.program.controller.ReserveController.userReserve(com.smart.program.request.reserve.UserReserveRequest)
2018-09-12 02:22:15.914  INFO 1112 --- [main] s.w.s.m.m.a.RequestMappingHandlerMapping : Mapped "{[/restaurant/queryRestaurant]}" onto public com.smart.program.response.ResponseVO<com.smart.program.domain.restaurant.RestaurantEntity> com.smart.program.controller.RestaurantController.queryRestaurant()
2018-09-12 02:22:15.914  INFO 1112 --- [main] s.w.s.m.m.a.RequestMappingHandlerMapping : Mapped "{[/restaurant/queryRestaurantIntroduce]}" onto public com.smart.program.response.ResponseVO com.smart.program.controller.RestaurantController.queryRestaurantIntroduce()
2018-09-12 02:22:15.914  INFO 1112 --- [main] s.w.s.m.m.a.RequestMappingHandlerMapping : Mapped "{[/restaurant/queryRestaurantProperty]}" onto public com.smart.program.response.ResponseVO com.smart.program.controller.RestaurantController.queryRestaurantProperty()
2018-09-12 02:22:15.915  INFO 1112 --- [main] s.w.s.m.m.a.RequestMappingHandlerMapping : Mapped "{[/user/addUser],methods=[POST]}" onto public com.smart.program.response.ResponseVO com.smart.program.controller.UserController.addUser(com.smart.program.request.user.AddUserRequest)
2018-09-12 02:22:15.922  INFO 1112 --- [main] s.w.s.m.m.a.RequestMappingHandlerMapping : Mapped "{[/error]}" onto public org.springframework.http.ResponseEntity<java.util.Map<java.lang.String, java.lang.Object>> org.springframework.boot.autoconfigure.web.servlet.error.BasicErrorController.error(javax.servlet.http.HttpServletRequest)
2018-09-12 02:22:15.923  INFO 1112 --- [main] s.w.s.m.m.a.RequestMappingHandlerMapping : Mapped "{[/error],produces=[text/html]}" onto public org.springframework.web.servlet.ModelAndView org.springframework.boot.autoconfigure.web.servlet.error.BasicErrorController.errorHtml(javax.servlet.http.HttpServletRequest,javax.servlet.http.HttpServletResponse)
2018-09-12 02:22:16.028  INFO 1112 --- [main] o.s.w.s.handler.SimpleUrlHandlerMapping  : Mapped URL path [/webjars/**] onto handler of type [class org.springframework.web.servlet.resource.ResourceHttpRequestHandler]
2018-09-12 02:22:16.029  INFO 1112 --- [main] o.s.w.s.handler.SimpleUrlHandlerMapping  : Mapped URL path [/**] onto handler of type [class org.springframework.web.servlet.resource.ResourceHttpRequestHandler]
2018-09-12 02:22:16.339  INFO 1112 --- [main] o.s.j.e.a.AnnotationMBeanExporter        : Registering beans for JMX exposure on startup
2018-09-12 02:22:16.341  INFO 1112 --- [main] o.s.j.e.a.AnnotationMBeanExporter        : Bean with name 'dataSource' has been autodetected for JMX exposure
2018-09-12 02:22:16.346  INFO 1112 --- [main] o.s.j.e.a.AnnotationMBeanExporter        : Located MBean 'dataSource': registering with JMX server as MBean [com.alibaba.druid.pool:name=dataSource,type=DruidDataSource]
2018-09-12 02:22:16.406  INFO 1112 --- [main] o.s.b.w.embedded.tomcat.TomcatWebServer  : Tomcat started on port(s): 8080 (http) with context path '/order-foods'
2018-09-12 02:22:16.411  INFO 1112 --- [main] com.smart.program.ProgramApplication     : Started ProgramApplication in 7.659 seconds (JVM running for 8.525)
2018-09-12 02:24:04.562  INFO 1112 --- [Thread-18] ConfigServletWebServerApplicationContext : Closing org.springframework.boot.web.servlet.context.AnnotationConfigServletWebServerApplicationContext@223d2c72: startup date [Wed Sep 12 02:22:09 CST 2018]; root of context hierarchy
2018-09-12 02:24:04.569  INFO 1112 --- [Thread-18] o.s.j.e.a.AnnotationMBeanExporter        : Unregistering JMX-exposed beans on shutdown
2018-09-12 02:24:04.570  INFO 1112 --- [Thread-18] o.s.j.e.a.AnnotationMBeanExporter        : Unregistering JMX-exposed beans
2018-09-12 02:24:04.574  INFO 1112 --- [Thread-18] j.LocalContainerEntityManagerFactoryBean : Closing JPA EntityManagerFactory for persistence unit 'default'
2018-09-12 02:24:04.578  INFO 1112 --- [Thread-18] com.alibaba.druid.pool.DruidDataSource   : {dataSource-1} closed
2018-09-12 02:24:11.030  INFO 1129 --- [main] com.smart.program.ProgramApplication     : Starting ProgramApplication on appledeMacBook-Pro with PID 1129 (/Users/apple/work/zammc-server/smartprogram/program/target/classes started by apple in /Users/apple/work/zammc-server/smartprogram)
2018-09-12 02:24:11.033  INFO 1129 --- [main] com.smart.program.ProgramApplication     : No active profile set, falling back to default profiles: default
2018-09-12 02:24:11.088  INFO 1129 --- [main] ConfigServletWebServerApplicationContext : Refreshing org.springframework.boot.web.servlet.context.AnnotationConfigServletWebServerApplicationContext@7a67e3c6: startup date [Wed Sep 12 02:24:11 CST 2018]; root of context hierarchy
2018-09-12 02:24:12.554  INFO 1129 --- [main] trationDelegate$BeanPostProcessorChecker : Bean 'org.springframework.transaction.annotation.ProxyTransactionManagementConfiguration' of type [org.springframework.transaction.annotation.ProxyTransactionManagementConfiguration$$EnhancerBySpringCGLIB$$fa220e66] is not eligible for getting processed by all BeanPostProcessors (for example: not eligible for auto-proxying)
2018-09-12 02:24:12.818  INFO 1129 --- [main] o.s.b.w.embedded.tomcat.TomcatWebServer  : Tomcat initialized with port(s): 8080 (http)
2018-09-12 02:24:12.842  INFO 1129 --- [main] o.apache.catalina.core.StandardService   : Starting service [Tomcat]
2018-09-12 02:24:12.842  INFO 1129 --- [main] org.apache.catalina.core.StandardEngine  : Starting Servlet Engine: Apache Tomcat/8.5.29
2018-09-12 02:24:12.846  INFO 1129 --- [localhost-startStop-1] o.a.catalina.core.AprLifecycleListener   : The APR based Apache Tomcat Native library which allows optimal performance in production environments was not found on the java.library.path: [/Users/apple/Library/Java/Extensions:/Library/Java/Extensions:/Network/Library/Java/Extensions:/System/Library/Java/Extensions:/usr/lib/java:.]
2018-09-12 02:24:12.936  INFO 1129 --- [localhost-startStop-1] o.a.c.c.C.[.[localhost].[/order-foods]   : Initializing Spring embedded WebApplicationContext
2018-09-12 02:24:12.937  INFO 1129 --- [localhost-startStop-1] o.s.web.context.ContextLoader            : Root WebApplicationContext: initialization completed in 1850 ms
2018-09-12 02:24:13.081  INFO 1129 --- [localhost-startStop-1] o.s.b.w.servlet.ServletRegistrationBean  : Servlet statViewServlet mapped to [/druid/*]
2018-09-12 02:24:13.083  INFO 1129 --- [localhost-startStop-1] o.s.b.w.servlet.ServletRegistrationBean  : Servlet dispatcherServlet mapped to [/]
2018-09-12 02:24:13.093  INFO 1129 --- [localhost-startStop-1] o.s.b.w.servlet.FilterRegistrationBean   : Mapping filter: 'characterEncodingFilter' to: [/*]
2018-09-12 02:24:13.093  INFO 1129 --- [localhost-startStop-1] o.s.b.w.servlet.FilterRegistrationBean   : Mapping filter: 'hiddenHttpMethodFilter' to: [/*]
2018-09-12 02:24:13.093  INFO 1129 --- [localhost-startStop-1] o.s.b.w.servlet.FilterRegistrationBean   : Mapping filter: 'httpPutFormContentFilter' to: [/*]
2018-09-12 02:24:13.093  INFO 1129 --- [localhost-startStop-1] o.s.b.w.servlet.FilterRegistrationBean   : Mapping filter: 'requestContextFilter' to: [/*]
2018-09-12 02:24:13.094  INFO 1129 --- [localhost-startStop-1] o.s.b.w.servlet.FilterRegistrationBean   : Mapping filter: 'webStatFilter' to urls: [/*]
2018-09-12 02:24:13.334  INFO 1129 --- [main] com.alibaba.druid.pool.DruidDataSource   : {dataSource-1} inited
2018-09-12 02:24:14.743  INFO 1129 --- [main] j.LocalContainerEntityManagerFactoryBean : Building JPA container EntityManagerFactory for persistence unit 'default'
2018-09-12 02:24:14.759  INFO 1129 --- [main] o.hibernate.jpa.internal.util.LogHelper  : HHH000204: Processing PersistenceUnitInfo [
	name: default
	...]
2018-09-12 02:24:14.897  INFO 1129 --- [main] org.hibernate.Version                    : HHH000412: Hibernate Core {5.2.16.Final}
2018-09-12 02:24:14.899  INFO 1129 --- [main] org.hibernate.cfg.Environment            : HHH000206: hibernate.properties not found
2018-09-12 02:24:14.977  INFO 1129 --- [main] o.hibernate.annotations.common.Version   : HCANN000001: Hibernate Commons Annotations {5.0.1.Final}
2018-09-12 02:24:15.184  INFO 1129 --- [main] org.hibernate.dialect.Dialect            : HHH000400: Using dialect: org.hibernate.dialect.MySQL5Dialect
2018-09-12 02:24:15.763  INFO 1129 --- [main] j.LocalContainerEntityManagerFactoryBean : Initialized JPA EntityManagerFactory for persistence unit 'default'
2018-09-12 02:24:16.205  INFO 1129 --- [main] o.h.h.i.QueryTranslatorFactoryInitiator  : HHH000397: Using ASTQueryTranslatorFactory
2018-09-12 02:24:16.696  INFO 1129 --- [main] o.s.w.s.handler.SimpleUrlHandlerMapping  : Mapped URL path [/**/favicon.ico] onto handler of type [class org.springframework.web.servlet.resource.ResourceHttpRequestHandler]
2018-09-12 02:24:16.911  INFO 1129 --- [main] s.w.s.m.m.a.RequestMappingHandlerAdapter : Looking for @ControllerAdvice: org.springframework.boot.web.servlet.context.AnnotationConfigServletWebServerApplicationContext@7a67e3c6: startup date [Wed Sep 12 02:24:11 CST 2018]; root of context hierarchy
2018-09-12 02:24:16.952  WARN 1129 --- [main] aWebConfiguration$JpaWebMvcConfiguration : spring.jpa.open-in-view is enabled by default. Therefore, database queries may be performed during view rendering. Explicitly configure spring.jpa.open-in-view to disable this warning
2018-09-12 02:24:16.982  INFO 1129 --- [main] s.w.s.m.m.a.RequestMappingHandlerMapping : Mapped "{[/account/queryUserAccount],methods=[POST]}" onto public com.smart.program.response.ResponseVO<com.smart.program.response.account.UserAccountResponse> com.smart.program.controller.AccountController.queryUserAccount(com.smart.program.request.UserRequest)
2018-09-12 02:24:16.983  INFO 1129 --- [main] s.w.s.m.m.a.RequestMappingHandlerMapping : Mapped "{[/account/queryUserAccountWater],methods=[POST]}" onto public com.smart.program.response.ResponseVO<java.util.List<com.smart.program.response.account.UserAccountWaterResponse>> com.smart.program.controller.AccountController.queryUserAccountWater(com.smart.program.request.UserRequest)
2018-09-12 02:24:16.984  INFO 1129 --- [main] s.w.s.m.m.a.RequestMappingHandlerMapping : Mapped "{[/activity/queryActivity],methods=[POST]}" onto public com.smart.program.response.ResponseVO<com.smart.program.response.pay.PayResponse> com.smart.program.controller.ActivityController.queryActivity()
2018-09-12 02:24:16.986  INFO 1129 --- [main] s.w.s.m.m.a.RequestMappingHandlerMapping : Mapped "{[/coupon/queryCouponList],methods=[POST]}" onto public com.smart.program.response.ResponseVO<java.util.List<com.smart.program.response.coupon.CouponResponse>> com.smart.program.controller.CouponController.queryCouponList(com.smart.program.request.UserRequest)
2018-09-12 02:24:16.986  INFO 1129 --- [main] s.w.s.m.m.a.RequestMappingHandlerMapping : Mapped "{[/coupon/receiveCoupon],methods=[POST]}" onto public com.smart.program.response.ResponseVO com.smart.program.controller.CouponController.receiveCoupon(com.smart.program.request.coupon.ReceiveCouponRequest)
2018-09-12 02:24:16.987  INFO 1129 --- [main] s.w.s.m.m.a.RequestMappingHandlerMapping : Mapped "{[/coupon/queryUserCoupons]}" onto public com.smart.program.response.ResponseVO<java.util.List<com.smart.program.response.coupon.CouponResponse>> com.smart.program.controller.CouponController.queryUserCoupons(com.smart.program.request.UserRequest)
2018-09-12 02:24:16.988  INFO 1129 --- [main] s.w.s.m.m.a.RequestMappingHandlerMapping : Mapped "{[/dining/updateDiningTableStatus/{id}],methods=[GET]}" onto public com.smart.program.response.ResponseVO<java.lang.String> com.smart.program.controller.DiningTableController.updateDiningTableStatus(java.lang.Long)
2018-09-12 02:24:16.989  INFO 1129 --- [main] s.w.s.m.m.a.RequestMappingHandlerMapping : Mapped "{[/dish/dishList],methods=[POST]}" onto public com.smart.program.response.ResponseVO com.smart.program.controller.DishController.userReserve()
2018-09-12 02:24:16.989  INFO 1129 --- [main] s.w.s.m.m.a.RequestMappingHandlerMapping : Mapped "{[/dish/goodsType],methods=[POST]}" onto public com.smart.program.response.ResponseVO com.smart.program.controller.DishController.goodsType(com.smart.program.request.dish.DishTypeRequest)
2018-09-12 02:24:16.990  INFO 1129 --- [main] s.w.s.m.m.a.RequestMappingHandlerMapping : Mapped "{[/home/queryHomePage],methods=[POST]}" onto public com.smart.program.response.ResponseVO<com.smart.program.response.homepage.HomePageResponse> com.smart.program.controller.HomePageController.queryHomePage()
2018-09-12 02:24:16.990  INFO 1129 --- [main] s.w.s.m.m.a.RequestMappingHandlerMapping : Mapped "{[/login/login/{jsCode}],methods=[GET]}" onto public com.smart.program.response.ResponseVO<com.smart.program.response.login.LoginResponse> com.smart.program.controller.LoginController.login(java.lang.String)
2018-09-12 02:24:16.992  INFO 1129 --- [main] s.w.s.m.m.a.RequestMappingHandlerMapping : Mapped "{[/order/queryUserOrder],methods=[POST]}" onto public com.smart.program.response.ResponseVO<com.smart.program.response.order.OrderResponseList> com.smart.program.controller.OrderController.queryUserOrder(com.smart.program.request.UserRequest)
2018-09-12 02:24:16.993  INFO 1129 --- [main] s.w.s.m.m.a.RequestMappingHandlerMapping : Mapped "{[/order/payOrder],methods=[PUT]}" onto public com.smart.program.response.ResponseVO<java.util.Map<java.lang.String, java.lang.Object>> com.smart.program.controller.OrderController.payOrder(com.smart.program.request.order.PayOrderRequest)
2018-09-12 02:24:16.993  INFO 1129 --- [main] s.w.s.m.m.a.RequestMappingHandlerMapping : Mapped "{[/order/queryOrderDetail],methods=[POST]}" onto public com.smart.program.response.ResponseVO<com.smart.program.response.order.OrderDetailResponseList> com.smart.program.controller.OrderController.queryOrderDetail(com.smart.program.request.order.QueryOrderDetailRequest)
2018-09-12 02:24:16.993  INFO 1129 --- [main] s.w.s.m.m.a.RequestMappingHandlerMapping : Mapped "{[/order/placeOrder],methods=[POST]}" onto public com.smart.program.response.ResponseVO<com.smart.program.response.order.PlaceOrderResponse> com.smart.program.controller.OrderController.placeOrder(com.smart.program.request.order.PlaceOrderRequest)
2018-09-12 02:24:16.994  INFO 1129 --- [main] s.w.s.m.m.a.RequestMappingHandlerMapping : Mapped "{[/pay/pay],methods=[POST]}" onto public com.smart.program.response.ResponseVO<java.util.Map<java.lang.String, java.lang.Object>> com.smart.program.controller.PayController.pay(com.smart.program.request.pay.PayRequest)
2018-09-12 02:24:16.996  INFO 1129 --- [main] s.w.s.m.m.a.RequestMappingHandlerMapping : Mapped "{[/recharge/callBack]}" onto public void com.smart.program.controller.RechargeController.callBack(javax.servlet.http.HttpServletRequest,javax.servlet.http.HttpServletResponse) throws java.lang.Exception
2018-09-12 02:24:16.996  INFO 1129 --- [main] s.w.s.m.m.a.RequestMappingHandlerMapping : Mapped "{[/recharge/queryRechargePackage],methods=[POST]}" onto public com.smart.program.response.ResponseVO<java.util.List<com.smart.program.response.recharge.RechargePackageResponse>> com.smart.program.controller.RechargeController.queryRechargePackage()
2018-09-12 02:24:16.996  INFO 1129 --- [main] s.w.s.m.m.a.RequestMappingHandlerMapping : Mapped "{[/recharge/recharge],methods=[POST]}" onto public com.smart.program.response.ResponseVO<java.util.Map<java.lang.String, java.lang.Object>> com.smart.program.controller.RechargeController.recharge(com.smart.program.request.recharge.RechargeRequest)
2018-09-12 02:24:16.996  INFO 1129 --- [main] s.w.s.m.m.a.RequestMappingHandlerMapping : Mapped "{[/reserve/userReserve],methods=[POST]}" onto public com.smart.program.response.ResponseVO com.smart.program.controller.ReserveController.userReserve(com.smart.program.request.reserve.UserReserveRequest)
2018-09-12 02:24:16.997  INFO 1129 --- [main] s.w.s.m.m.a.RequestMappingHandlerMapping : Mapped "{[/restaurant/queryRestaurant]}" onto public com.smart.program.response.ResponseVO<com.smart.program.domain.restaurant.RestaurantEntity> com.smart.program.controller.RestaurantController.queryRestaurant()
2018-09-12 02:24:16.997  INFO 1129 --- [main] s.w.s.m.m.a.RequestMappingHandlerMapping : Mapped "{[/restaurant/queryRestaurantIntroduce]}" onto public com.smart.program.response.ResponseVO com.smart.program.controller.RestaurantController.queryRestaurantIntroduce()
2018-09-12 02:24:16.998  INFO 1129 --- [main] s.w.s.m.m.a.RequestMappingHandlerMapping : Mapped "{[/restaurant/queryRestaurantProperty]}" onto public com.smart.program.response.ResponseVO com.smart.program.controller.RestaurantController.queryRestaurantProperty()
2018-09-12 02:24:16.998  INFO 1129 --- [main] s.w.s.m.m.a.RequestMappingHandlerMapping : Mapped "{[/user/addUser],methods=[POST]}" onto public com.smart.program.response.ResponseVO com.smart.program.controller.UserController.addUser(com.smart.program.request.user.AddUserRequest)
2018-09-12 02:24:17.000  INFO 1129 --- [main] s.w.s.m.m.a.RequestMappingHandlerMapping : Mapped "{[/error]}" onto public org.springframework.http.ResponseEntity<java.util.Map<java.lang.String, java.lang.Object>> org.springframework.boot.autoconfigure.web.servlet.error.BasicErrorController.error(javax.servlet.http.HttpServletRequest)
2018-09-12 02:24:17.000  INFO 1129 --- [main] s.w.s.m.m.a.RequestMappingHandlerMapping : Mapped "{[/error],produces=[text/html]}" onto public org.springframework.web.servlet.ModelAndView org.springframework.boot.autoconfigure.web.servlet.error.BasicErrorController.errorHtml(javax.servlet.http.HttpServletRequest,javax.servlet.http.HttpServletResponse)
2018-09-12 02:24:17.028  INFO 1129 --- [main] o.s.w.s.handler.SimpleUrlHandlerMapping  : Mapped URL path [/webjars/**] onto handler of type [class org.springframework.web.servlet.resource.ResourceHttpRequestHandler]
2018-09-12 02:24:17.029  INFO 1129 --- [main] o.s.w.s.handler.SimpleUrlHandlerMapping  : Mapped URL path [/**] onto handler of type [class org.springframework.web.servlet.resource.ResourceHttpRequestHandler]
2018-09-12 02:24:17.271  INFO 1129 --- [main] o.s.j.e.a.AnnotationMBeanExporter        : Registering beans for JMX exposure on startup
2018-09-12 02:24:17.272  INFO 1129 --- [main] o.s.j.e.a.AnnotationMBeanExporter        : Bean with name 'dataSource' has been autodetected for JMX exposure
2018-09-12 02:24:17.282  INFO 1129 --- [main] o.s.j.e.a.AnnotationMBeanExporter        : Located MBean 'dataSource': registering with JMX server as MBean [com.alibaba.druid.pool:name=dataSource,type=DruidDataSource]
2018-09-12 02:24:17.324  INFO 1129 --- [main] o.s.b.w.embedded.tomcat.TomcatWebServer  : Tomcat started on port(s): 8080 (http) with context path '/order-foods'
2018-09-12 02:24:17.327  INFO 1129 --- [main] com.smart.program.ProgramApplication     : Started ProgramApplication in 7.499 seconds (JVM running for 9.483)
2018-09-12 02:24:45.725  INFO 1129 --- [http-nio-8080-exec-3] o.a.c.c.C.[.[localhost].[/order-foods]   : Initializing Spring FrameworkServlet 'dispatcherServlet'
2018-09-12 02:24:45.725  INFO 1129 --- [http-nio-8080-exec-3] o.s.web.servlet.DispatcherServlet        : FrameworkServlet 'dispatcherServlet': initialization started
2018-09-12 02:24:45.745  INFO 1129 --- [http-nio-8080-exec-3] o.s.web.servlet.DispatcherServlet        : FrameworkServlet 'dispatcherServlet': initialization completed in 20 ms
2018-09-12 02:27:34.379  INFO 1129 --- [Thread-18] ConfigServletWebServerApplicationContext : Closing org.springframework.boot.web.servlet.context.AnnotationConfigServletWebServerApplicationContext@7a67e3c6: startup date [Wed Sep 12 02:24:11 CST 2018]; root of context hierarchy
2018-09-12 02:27:34.386  INFO 1129 --- [Thread-18] o.s.j.e.a.AnnotationMBeanExporter        : Unregistering JMX-exposed beans on shutdown
2018-09-12 02:27:34.387  INFO 1129 --- [Thread-18] o.s.j.e.a.AnnotationMBeanExporter        : Unregistering JMX-exposed beans
2018-09-12 02:27:34.394  INFO 1129 --- [Thread-18] j.LocalContainerEntityManagerFactoryBean : Closing JPA EntityManagerFactory for persistence unit 'default'
2018-09-12 02:27:34.399  INFO 1129 --- [Thread-18] com.alibaba.druid.pool.DruidDataSource   : {dataSource-1} closed
2018-09-12 02:27:38.995  INFO 1134 --- [main] com.smart.program.ProgramApplication     : Starting ProgramApplication on appledeMacBook-Pro with PID 1134 (/Users/apple/work/zammc-server/smartprogram/program/target/classes started by apple in /Users/apple/work/zammc-server/smartprogram)
2018-09-12 02:27:38.998  INFO 1134 --- [main] com.smart.program.ProgramApplication     : No active profile set, falling back to default profiles: default
2018-09-12 02:27:39.101  INFO 1134 --- [main] ConfigServletWebServerApplicationContext : Refreshing org.springframework.boot.web.servlet.context.AnnotationConfigServletWebServerApplicationContext@73cd37c0: startup date [Wed Sep 12 02:27:39 CST 2018]; root of context hierarchy
2018-09-12 02:27:40.486  INFO 1134 --- [main] trationDelegate$BeanPostProcessorChecker : Bean 'org.springframework.transaction.annotation.ProxyTransactionManagementConfiguration' of type [org.springframework.transaction.annotation.ProxyTransactionManagementConfiguration$$EnhancerBySpringCGLIB$$c3b57879] is not eligible for getting processed by all BeanPostProcessors (for example: not eligible for auto-proxying)
2018-09-12 02:27:40.748  INFO 1134 --- [main] o.s.b.w.embedded.tomcat.TomcatWebServer  : Tomcat initialized with port(s): 8080 (http)
2018-09-12 02:27:40.794  INFO 1134 --- [main] o.apache.catalina.core.StandardService   : Starting service [Tomcat]
2018-09-12 02:27:40.794  INFO 1134 --- [main] org.apache.catalina.core.StandardEngine  : Starting Servlet Engine: Apache Tomcat/8.5.29
2018-09-12 02:27:40.799  INFO 1134 --- [localhost-startStop-1] o.a.catalina.core.AprLifecycleListener   : The APR based Apache Tomcat Native library which allows optimal performance in production environments was not found on the java.library.path: [/Users/apple/Library/Java/Extensions:/Library/Java/Extensions:/Network/Library/Java/Extensions:/System/Library/Java/Extensions:/usr/lib/java:.]
2018-09-12 02:27:40.878  INFO 1134 --- [localhost-startStop-1] o.a.c.c.C.[.[localhost].[/order-foods]   : Initializing Spring embedded WebApplicationContext
2018-09-12 02:27:40.878  INFO 1134 --- [localhost-startStop-1] o.s.web.context.ContextLoader            : Root WebApplicationContext: initialization completed in 1778 ms
2018-09-12 02:27:41.035  INFO 1134 --- [localhost-startStop-1] o.s.b.w.servlet.ServletRegistrationBean  : Servlet statViewServlet mapped to [/druid/*]
2018-09-12 02:27:41.038  INFO 1134 --- [localhost-startStop-1] o.s.b.w.servlet.ServletRegistrationBean  : Servlet dispatcherServlet mapped to [/]
2018-09-12 02:27:41.088  INFO 1134 --- [localhost-startStop-1] o.s.b.w.servlet.FilterRegistrationBean   : Mapping filter: 'characterEncodingFilter' to: [/*]
2018-09-12 02:27:41.093  INFO 1134 --- [localhost-startStop-1] o.s.b.w.servlet.FilterRegistrationBean   : Mapping filter: 'hiddenHttpMethodFilter' to: [/*]
2018-09-12 02:27:41.094  INFO 1134 --- [localhost-startStop-1] o.s.b.w.servlet.FilterRegistrationBean   : Mapping filter: 'httpPutFormContentFilter' to: [/*]
2018-09-12 02:27:41.097  INFO 1134 --- [localhost-startStop-1] o.s.b.w.servlet.FilterRegistrationBean   : Mapping filter: 'requestContextFilter' to: [/*]
2018-09-12 02:27:41.108  INFO 1134 --- [localhost-startStop-1] o.s.b.w.servlet.FilterRegistrationBean   : Mapping filter: 'webStatFilter' to urls: [/*]
2018-09-12 02:27:41.560  INFO 1134 --- [main] com.alibaba.druid.pool.DruidDataSource   : {dataSource-1} inited
2018-09-12 02:27:42.915  INFO 1134 --- [main] j.LocalContainerEntityManagerFactoryBean : Building JPA container EntityManagerFactory for persistence unit 'default'
2018-09-12 02:27:42.926  INFO 1134 --- [main] o.hibernate.jpa.internal.util.LogHelper  : HHH000204: Processing PersistenceUnitInfo [
	name: default
	...]
2018-09-12 02:27:42.982  INFO 1134 --- [main] org.hibernate.Version                    : HHH000412: Hibernate Core {5.2.16.Final}
2018-09-12 02:27:42.983  INFO 1134 --- [main] org.hibernate.cfg.Environment            : HHH000206: hibernate.properties not found
2018-09-12 02:27:43.018  INFO 1134 --- [main] o.hibernate.annotations.common.Version   : HCANN000001: Hibernate Commons Annotations {5.0.1.Final}
2018-09-12 02:27:43.152  INFO 1134 --- [main] org.hibernate.dialect.Dialect            : HHH000400: Using dialect: org.hibernate.dialect.MySQL5Dialect
2018-09-12 02:27:43.718  INFO 1134 --- [main] j.LocalContainerEntityManagerFactoryBean : Initialized JPA EntityManagerFactory for persistence unit 'default'
2018-09-12 02:27:44.061  INFO 1134 --- [main] o.h.h.i.QueryTranslatorFactoryInitiator  : HHH000397: Using ASTQueryTranslatorFactory
2018-09-12 02:27:44.477  INFO 1134 --- [main] o.s.w.s.handler.SimpleUrlHandlerMapping  : Mapped URL path [/**/favicon.ico] onto handler of type [class org.springframework.web.servlet.resource.ResourceHttpRequestHandler]
2018-09-12 02:27:44.689  INFO 1134 --- [main] s.w.s.m.m.a.RequestMappingHandlerAdapter : Looking for @ControllerAdvice: org.springframework.boot.web.servlet.context.AnnotationConfigServletWebServerApplicationContext@73cd37c0: startup date [Wed Sep 12 02:27:39 CST 2018]; root of context hierarchy
2018-09-12 02:27:44.721  WARN 1134 --- [main] aWebConfiguration$JpaWebMvcConfiguration : spring.jpa.open-in-view is enabled by default. Therefore, database queries may be performed during view rendering. Explicitly configure spring.jpa.open-in-view to disable this warning
2018-09-12 02:27:44.749  INFO 1134 --- [main] s.w.s.m.m.a.RequestMappingHandlerMapping : Mapped "{[/account/queryUserAccount],methods=[POST]}" onto public com.smart.program.response.ResponseVO<com.smart.program.response.account.UserAccountResponse> com.smart.program.controller.AccountController.queryUserAccount(com.smart.program.request.UserRequest)
2018-09-12 02:27:44.750  INFO 1134 --- [main] s.w.s.m.m.a.RequestMappingHandlerMapping : Mapped "{[/account/queryUserAccountWater],methods=[POST]}" onto public com.smart.program.response.ResponseVO<java.util.List<com.smart.program.response.account.UserAccountWaterResponse>> com.smart.program.controller.AccountController.queryUserAccountWater(com.smart.program.request.UserRequest)
2018-09-12 02:27:44.750  INFO 1134 --- [main] s.w.s.m.m.a.RequestMappingHandlerMapping : Mapped "{[/activity/queryActivity],methods=[POST]}" onto public com.smart.program.response.ResponseVO<com.smart.program.response.pay.PayResponse> com.smart.program.controller.ActivityController.queryActivity()
2018-09-12 02:27:44.753  INFO 1134 --- [main] s.w.s.m.m.a.RequestMappingHandlerMapping : Mapped "{[/coupon/queryCouponList],methods=[POST]}" onto public com.smart.program.response.ResponseVO<java.util.List<com.smart.program.response.coupon.CouponResponse>> com.smart.program.controller.CouponController.queryCouponList(com.smart.program.request.UserRequest)
2018-09-12 02:27:44.753  INFO 1134 --- [main] s.w.s.m.m.a.RequestMappingHandlerMapping : Mapped "{[/coupon/receiveCoupon],methods=[POST]}" onto public com.smart.program.response.ResponseVO com.smart.program.controller.CouponController.receiveCoupon(com.smart.program.request.coupon.ReceiveCouponRequest)
2018-09-12 02:27:44.754  INFO 1134 --- [main] s.w.s.m.m.a.RequestMappingHandlerMapping : Mapped "{[/coupon/queryUserCoupons]}" onto public com.smart.program.response.ResponseVO<java.util.List<com.smart.program.response.coupon.CouponResponse>> com.smart.program.controller.CouponController.queryUserCoupons(com.smart.program.request.UserRequest)
2018-09-12 02:27:44.756  INFO 1134 --- [main] s.w.s.m.m.a.RequestMappingHandlerMapping : Mapped "{[/dining/updateDiningTableStatus/{id}],methods=[GET]}" onto public com.smart.program.response.ResponseVO<java.lang.String> com.smart.program.controller.DiningTableController.updateDiningTableStatus(java.lang.Long)
2018-09-12 02:27:44.757  INFO 1134 --- [main] s.w.s.m.m.a.RequestMappingHandlerMapping : Mapped "{[/dish/dishList],methods=[POST]}" onto public com.smart.program.response.ResponseVO com.smart.program.controller.DishController.userReserve()
2018-09-12 02:27:44.757  INFO 1134 --- [main] s.w.s.m.m.a.RequestMappingHandlerMapping : Mapped "{[/dish/goodsType],methods=[POST]}" onto public com.smart.program.response.ResponseVO com.smart.program.controller.DishController.goodsType(com.smart.program.request.dish.DishTypeRequest)
2018-09-12 02:27:44.757  INFO 1134 --- [main] s.w.s.m.m.a.RequestMappingHandlerMapping : Mapped "{[/home/queryHomePage],methods=[POST]}" onto public com.smart.program.response.ResponseVO<com.smart.program.response.homepage.HomePageResponse> com.smart.program.controller.HomePageController.queryHomePage()
2018-09-12 02:27:44.758  INFO 1134 --- [main] s.w.s.m.m.a.RequestMappingHandlerMapping : Mapped "{[/login/login/{jsCode}],methods=[GET]}" onto public com.smart.program.response.ResponseVO<com.smart.program.response.login.LoginResponse> com.smart.program.controller.LoginController.login(java.lang.String)
2018-09-12 02:27:44.760  INFO 1134 --- [main] s.w.s.m.m.a.RequestMappingHandlerMapping : Mapped "{[/order/queryUserOrder],methods=[POST]}" onto public com.smart.program.response.ResponseVO<com.smart.program.response.order.OrderResponseList> com.smart.program.controller.OrderController.queryUserOrder(com.smart.program.request.UserRequest)
2018-09-12 02:27:44.760  INFO 1134 --- [main] s.w.s.m.m.a.RequestMappingHandlerMapping : Mapped "{[/order/payOrder],methods=[PUT]}" onto public com.smart.program.response.ResponseVO<java.util.Map<java.lang.String, java.lang.Object>> com.smart.program.controller.OrderController.payOrder(com.smart.program.request.order.PayOrderRequest)
2018-09-12 02:27:44.760  INFO 1134 --- [main] s.w.s.m.m.a.RequestMappingHandlerMapping : Mapped "{[/order/queryOrderDetail],methods=[POST]}" onto public com.smart.program.response.ResponseVO<com.smart.program.response.order.OrderDetailResponseList> com.smart.program.controller.OrderController.queryOrderDetail(com.smart.program.request.order.QueryOrderDetailRequest)
2018-09-12 02:27:44.761  INFO 1134 --- [main] s.w.s.m.m.a.RequestMappingHandlerMapping : Mapped "{[/order/placeOrder],methods=[POST]}" onto public com.smart.program.response.ResponseVO<com.smart.program.response.order.PlaceOrderResponse> com.smart.program.controller.OrderController.placeOrder(com.smart.program.request.order.PlaceOrderRequest)
2018-09-12 02:27:44.761  INFO 1134 --- [main] s.w.s.m.m.a.RequestMappingHandlerMapping : Mapped "{[/pay/pay],methods=[POST]}" onto public com.smart.program.response.ResponseVO<java.util.Map<java.lang.String, java.lang.Object>> com.smart.program.controller.PayController.pay(com.smart.program.request.pay.PayRequest)
2018-09-12 02:27:44.763  INFO 1134 --- [main] s.w.s.m.m.a.RequestMappingHandlerMapping : Mapped "{[/recharge/callBack]}" onto public void com.smart.program.controller.RechargeController.callBack(javax.servlet.http.HttpServletRequest,javax.servlet.http.HttpServletResponse) throws java.lang.Exception
2018-09-12 02:27:44.763  INFO 1134 --- [main] s.w.s.m.m.a.RequestMappingHandlerMapping : Mapped "{[/recharge/queryRechargePackage],methods=[POST]}" onto public com.smart.program.response.ResponseVO<java.util.List<com.smart.program.response.recharge.RechargePackageResponse>> com.smart.program.controller.RechargeController.queryRechargePackage()
2018-09-12 02:27:44.763  INFO 1134 --- [main] s.w.s.m.m.a.RequestMappingHandlerMapping : Mapped "{[/recharge/recharge],methods=[POST]}" onto public com.smart.program.response.ResponseVO<java.util.Map<java.lang.String, java.lang.Object>> com.smart.program.controller.RechargeController.recharge(com.smart.program.request.recharge.RechargeRequest)
2018-09-12 02:27:44.764  INFO 1134 --- [main] s.w.s.m.m.a.RequestMappingHandlerMapping : Mapped "{[/reserve/userReserve],methods=[POST]}" onto public com.smart.program.response.ResponseVO com.smart.program.controller.ReserveController.userReserve(com.smart.program.request.reserve.UserReserveRequest)
2018-09-12 02:27:44.764  INFO 1134 --- [main] s.w.s.m.m.a.RequestMappingHandlerMapping : Mapped "{[/restaurant/queryRestaurant]}" onto public com.smart.program.response.ResponseVO<com.smart.program.domain.restaurant.RestaurantEntity> com.smart.program.controller.RestaurantController.queryRestaurant()
2018-09-12 02:27:44.765  INFO 1134 --- [main] s.w.s.m.m.a.RequestMappingHandlerMapping : Mapped "{[/restaurant/queryRestaurantIntroduce]}" onto public com.smart.program.response.ResponseVO com.smart.program.controller.RestaurantController.queryRestaurantIntroduce()
2018-09-12 02:27:44.765  INFO 1134 --- [main] s.w.s.m.m.a.RequestMappingHandlerMapping : Mapped "{[/restaurant/queryRestaurantProperty]}" onto public com.smart.program.response.ResponseVO com.smart.program.controller.RestaurantController.queryRestaurantProperty()
2018-09-12 02:27:44.765  INFO 1134 --- [main] s.w.s.m.m.a.RequestMappingHandlerMapping : Mapped "{[/user/addUser],methods=[POST]}" onto public com.smart.program.response.ResponseVO com.smart.program.controller.UserController.addUser(com.smart.program.request.user.AddUserRequest)
2018-09-12 02:27:44.767  INFO 1134 --- [main] s.w.s.m.m.a.RequestMappingHandlerMapping : Mapped "{[/error]}" onto public org.springframework.http.ResponseEntity<java.util.Map<java.lang.String, java.lang.Object>> org.springframework.boot.autoconfigure.web.servlet.error.BasicErrorController.error(javax.servlet.http.HttpServletRequest)
2018-09-12 02:27:44.767  INFO 1134 --- [main] s.w.s.m.m.a.RequestMappingHandlerMapping : Mapped "{[/error],produces=[text/html]}" onto public org.springframework.web.servlet.ModelAndView org.springframework.boot.autoconfigure.web.servlet.error.BasicErrorController.errorHtml(javax.servlet.http.HttpServletRequest,javax.servlet.http.HttpServletResponse)
2018-09-12 02:27:44.790  INFO 1134 --- [main] o.s.w.s.handler.SimpleUrlHandlerMapping  : Mapped URL path [/webjars/**] onto handler of type [class org.springframework.web.servlet.resource.ResourceHttpRequestHandler]
2018-09-12 02:27:44.791  INFO 1134 --- [main] o.s.w.s.handler.SimpleUrlHandlerMapping  : Mapped URL path [/**] onto handler of type [class org.springframework.web.servlet.resource.ResourceHttpRequestHandler]
2018-09-12 02:27:45.047  INFO 1134 --- [main] o.s.j.e.a.AnnotationMBeanExporter        : Registering beans for JMX exposure on startup
2018-09-12 02:27:45.049  INFO 1134 --- [main] o.s.j.e.a.AnnotationMBeanExporter        : Bean with name 'dataSource' has been autodetected for JMX exposure
2018-09-12 02:27:45.054  INFO 1134 --- [main] o.s.j.e.a.AnnotationMBeanExporter        : Located MBean 'dataSource': registering with JMX server as MBean [com.alibaba.druid.pool:name=dataSource,type=DruidDataSource]
2018-09-12 02:27:45.103  INFO 1134 --- [main] o.s.b.w.embedded.tomcat.TomcatWebServer  : Tomcat started on port(s): 8080 (http) with context path '/order-foods'
2018-09-12 02:27:45.107  INFO 1134 --- [main] com.smart.program.ProgramApplication     : Started ProgramApplication in 6.739 seconds (JVM running for 7.581)
2018-09-12 02:27:53.490  INFO 1134 --- [http-nio-8080-exec-2] o.a.c.c.C.[.[localhost].[/order-foods]   : Initializing Spring FrameworkServlet 'dispatcherServlet'
2018-09-12 02:27:53.493  INFO 1134 --- [http-nio-8080-exec-2] o.s.web.servlet.DispatcherServlet        : FrameworkServlet 'dispatcherServlet': initialization started
2018-09-12 02:27:53.511  INFO 1134 --- [http-nio-8080-exec-2] o.s.web.servlet.DispatcherServlet        : FrameworkServlet 'dispatcherServlet': initialization completed in 17 ms
2018-09-12 02:28:03.068  INFO 1134 --- [Thread-16] ConfigServletWebServerApplicationContext : Closing org.springframework.boot.web.servlet.context.AnnotationConfigServletWebServerApplicationContext@73cd37c0: startup date [Wed Sep 12 02:27:39 CST 2018]; root of context hierarchy
2018-09-12 02:28:03.071  INFO 1134 --- [Thread-16] o.s.j.e.a.AnnotationMBeanExporter        : Unregistering JMX-exposed beans on shutdown
2018-09-12 02:28:03.072  INFO 1134 --- [Thread-16] o.s.j.e.a.AnnotationMBeanExporter        : Unregistering JMX-exposed beans
2018-09-12 02:28:03.084  INFO 1134 --- [Thread-16] j.LocalContainerEntityManagerFactoryBean : Closing JPA EntityManagerFactory for persistence unit 'default'
2018-09-12 02:28:03.089  INFO 1134 --- [Thread-16] com.alibaba.druid.pool.DruidDataSource   : {dataSource-1} closed
2018-09-12 02:28:07.834  INFO 1139 --- [main] com.smart.program.ProgramApplication     : Starting ProgramApplication on appledeMacBook-Pro with PID 1139 (/Users/apple/work/zammc-server/smartprogram/program/target/classes started by apple in /Users/apple/work/zammc-server/smartprogram)
2018-09-12 02:28:07.837  INFO 1139 --- [main] com.smart.program.ProgramApplication     : No active profile set, falling back to default profiles: default
2018-09-12 02:28:07.915  INFO 1139 --- [main] ConfigServletWebServerApplicationContext : Refreshing org.springframework.boot.web.servlet.context.AnnotationConfigServletWebServerApplicationContext@27216cd: startup date [Wed Sep 12 02:28:07 CST 2018]; root of context hierarchy
2018-09-12 02:28:09.263  INFO 1139 --- [main] trationDelegate$BeanPostProcessorChecker : Bean 'org.springframework.transaction.annotation.ProxyTransactionManagementConfiguration' of type [org.springframework.transaction.annotation.ProxyTransactionManagementConfiguration$$EnhancerBySpringCGLIB$$f0ce39e7] is not eligible for getting processed by all BeanPostProcessors (for example: not eligible for auto-proxying)
2018-09-12 02:28:09.498  INFO 1139 --- [main] o.s.b.w.embedded.tomcat.TomcatWebServer  : Tomcat initialized with port(s): 8080 (http)
2018-09-12 02:28:09.518  INFO 1139 --- [main] o.apache.catalina.core.StandardService   : Starting service [Tomcat]
2018-09-12 02:28:09.518  INFO 1139 --- [main] org.apache.catalina.core.StandardEngine  : Starting Servlet Engine: Apache Tomcat/8.5.29
2018-09-12 02:28:09.522  INFO 1139 --- [localhost-startStop-1] o.a.catalina.core.AprLifecycleListener   : The APR based Apache Tomcat Native library which allows optimal performance in production environments was not found on the java.library.path: [/Users/apple/Library/Java/Extensions:/Library/Java/Extensions:/Network/Library/Java/Extensions:/System/Library/Java/Extensions:/usr/lib/java:.]
2018-09-12 02:28:09.588  INFO 1139 --- [localhost-startStop-1] o.a.c.c.C.[.[localhost].[/order-foods]   : Initializing Spring embedded WebApplicationContext
2018-09-12 02:28:09.588  INFO 1139 --- [localhost-startStop-1] o.s.web.context.ContextLoader            : Root WebApplicationContext: initialization completed in 1673 ms
2018-09-12 02:28:09.707  INFO 1139 --- [localhost-startStop-1] o.s.b.w.servlet.ServletRegistrationBean  : Servlet statViewServlet mapped to [/druid/*]
2018-09-12 02:28:09.708  INFO 1139 --- [localhost-startStop-1] o.s.b.w.servlet.ServletRegistrationBean  : Servlet dispatcherServlet mapped to [/]
2018-09-12 02:28:09.711  INFO 1139 --- [localhost-startStop-1] o.s.b.w.servlet.FilterRegistrationBean   : Mapping filter: 'characterEncodingFilter' to: [/*]
2018-09-12 02:28:09.712  INFO 1139 --- [localhost-startStop-1] o.s.b.w.servlet.FilterRegistrationBean   : Mapping filter: 'hiddenHttpMethodFilter' to: [/*]
2018-09-12 02:28:09.712  INFO 1139 --- [localhost-startStop-1] o.s.b.w.servlet.FilterRegistrationBean   : Mapping filter: 'httpPutFormContentFilter' to: [/*]
2018-09-12 02:28:09.712  INFO 1139 --- [localhost-startStop-1] o.s.b.w.servlet.FilterRegistrationBean   : Mapping filter: 'requestContextFilter' to: [/*]
2018-09-12 02:28:09.712  INFO 1139 --- [localhost-startStop-1] o.s.b.w.servlet.FilterRegistrationBean   : Mapping filter: 'webStatFilter' to urls: [/*]
2018-09-12 02:28:09.940  INFO 1139 --- [main] com.alibaba.druid.pool.DruidDataSource   : {dataSource-1} inited
2018-09-12 02:28:11.198  INFO 1139 --- [main] j.LocalContainerEntityManagerFactoryBean : Building JPA container EntityManagerFactory for persistence unit 'default'
2018-09-12 02:28:11.214  INFO 1139 --- [main] o.hibernate.jpa.internal.util.LogHelper  : HHH000204: Processing PersistenceUnitInfo [
	name: default
	...]
2018-09-12 02:28:11.307  INFO 1139 --- [main] org.hibernate.Version                    : HHH000412: Hibernate Core {5.2.16.Final}
2018-09-12 02:28:11.308  INFO 1139 --- [main] org.hibernate.cfg.Environment            : HHH000206: hibernate.properties not found
2018-09-12 02:28:11.340  INFO 1139 --- [main] o.hibernate.annotations.common.Version   : HCANN000001: Hibernate Commons Annotations {5.0.1.Final}
2018-09-12 02:28:11.467  INFO 1139 --- [main] org.hibernate.dialect.Dialect            : HHH000400: Using dialect: org.hibernate.dialect.MySQL5Dialect
2018-09-12 02:28:12.030  INFO 1139 --- [main] j.LocalContainerEntityManagerFactoryBean : Initialized JPA EntityManagerFactory for persistence unit 'default'
2018-09-12 02:28:12.386  INFO 1139 --- [main] o.h.h.i.QueryTranslatorFactoryInitiator  : HHH000397: Using ASTQueryTranslatorFactory
2018-09-12 02:28:12.786  INFO 1139 --- [main] o.s.w.s.handler.SimpleUrlHandlerMapping  : Mapped URL path [/**/favicon.ico] onto handler of type [class org.springframework.web.servlet.resource.ResourceHttpRequestHandler]
2018-09-12 02:28:12.993  INFO 1139 --- [main] s.w.s.m.m.a.RequestMappingHandlerAdapter : Looking for @ControllerAdvice: org.springframework.boot.web.servlet.context.AnnotationConfigServletWebServerApplicationContext@27216cd: startup date [Wed Sep 12 02:28:07 CST 2018]; root of context hierarchy
2018-09-12 02:28:13.028  WARN 1139 --- [main] aWebConfiguration$JpaWebMvcConfiguration : spring.jpa.open-in-view is enabled by default. Therefore, database queries may be performed during view rendering. Explicitly configure spring.jpa.open-in-view to disable this warning
2018-09-12 02:28:13.057  INFO 1139 --- [main] s.w.s.m.m.a.RequestMappingHandlerMapping : Mapped "{[/account/queryUserAccount],methods=[POST]}" onto public com.smart.program.response.ResponseVO<com.smart.program.response.account.UserAccountResponse> com.smart.program.controller.AccountController.queryUserAccount(com.smart.program.request.UserRequest)
2018-09-12 02:28:13.058  INFO 1139 --- [main] s.w.s.m.m.a.RequestMappingHandlerMapping : Mapped "{[/account/queryUserAccountWater],methods=[POST]}" onto public com.smart.program.response.ResponseVO<java.util.List<com.smart.program.response.account.UserAccountWaterResponse>> com.smart.program.controller.AccountController.queryUserAccountWater(com.smart.program.request.UserRequest)
2018-09-12 02:28:13.058  INFO 1139 --- [main] s.w.s.m.m.a.RequestMappingHandlerMapping : Mapped "{[/activity/queryActivity],methods=[POST]}" onto public com.smart.program.response.ResponseVO<com.smart.program.response.pay.PayResponse> com.smart.program.controller.ActivityController.queryActivity()
2018-09-12 02:28:13.061  INFO 1139 --- [main] s.w.s.m.m.a.RequestMappingHandlerMapping : Mapped "{[/coupon/queryCouponList],methods=[POST]}" onto public com.smart.program.response.ResponseVO<java.util.List<com.smart.program.response.coupon.CouponResponse>> com.smart.program.controller.CouponController.queryCouponList(com.smart.program.request.UserRequest)
2018-09-12 02:28:13.061  INFO 1139 --- [main] s.w.s.m.m.a.RequestMappingHandlerMapping : Mapped "{[/coupon/receiveCoupon],methods=[POST]}" onto public com.smart.program.response.ResponseVO com.smart.program.controller.CouponController.receiveCoupon(com.smart.program.request.coupon.ReceiveCouponRequest)
2018-09-12 02:28:13.061  INFO 1139 --- [main] s.w.s.m.m.a.RequestMappingHandlerMapping : Mapped "{[/coupon/queryUserCoupons]}" onto public com.smart.program.response.ResponseVO<java.util.List<com.smart.program.response.coupon.CouponResponse>> com.smart.program.controller.CouponController.queryUserCoupons(com.smart.program.request.UserRequest)
2018-09-12 02:28:13.063  INFO 1139 --- [main] s.w.s.m.m.a.RequestMappingHandlerMapping : Mapped "{[/dining/updateDiningTableStatus/{id}],methods=[GET]}" onto public com.smart.program.response.ResponseVO<java.lang.String> com.smart.program.controller.DiningTableController.updateDiningTableStatus(java.lang.Long)
2018-09-12 02:28:13.063  INFO 1139 --- [main] s.w.s.m.m.a.RequestMappingHandlerMapping : Mapped "{[/dish/dishList],methods=[POST]}" onto public com.smart.program.response.ResponseVO com.smart.program.controller.DishController.userReserve()
2018-09-12 02:28:13.063  INFO 1139 --- [main] s.w.s.m.m.a.RequestMappingHandlerMapping : Mapped "{[/dish/goodsType],methods=[POST]}" onto public com.smart.program.response.ResponseVO com.smart.program.controller.DishController.goodsType(com.smart.program.request.dish.DishTypeRequest)
2018-09-12 02:28:13.064  INFO 1139 --- [main] s.w.s.m.m.a.RequestMappingHandlerMapping : Mapped "{[/home/queryHomePage],methods=[POST]}" onto public com.smart.program.response.ResponseVO<com.smart.program.response.homepage.HomePageResponse> com.smart.program.controller.HomePageController.queryHomePage()
2018-09-12 02:28:13.064  INFO 1139 --- [main] s.w.s.m.m.a.RequestMappingHandlerMapping : Mapped "{[/login/login/{jsCode}],methods=[GET]}" onto public com.smart.program.response.ResponseVO<com.smart.program.response.login.LoginResponse> com.smart.program.controller.LoginController.login(java.lang.String)
2018-09-12 02:28:13.066  INFO 1139 --- [main] s.w.s.m.m.a.RequestMappingHandlerMapping : Mapped "{[/order/queryUserOrder],methods=[POST]}" onto public com.smart.program.response.ResponseVO<com.smart.program.response.order.OrderResponseList> com.smart.program.controller.OrderController.queryUserOrder(com.smart.program.request.UserRequest)
2018-09-12 02:28:13.067  INFO 1139 --- [main] s.w.s.m.m.a.RequestMappingHandlerMapping : Mapped "{[/order/payOrder],methods=[PUT]}" onto public com.smart.program.response.ResponseVO<java.util.Map<java.lang.String, java.lang.Object>> com.smart.program.controller.OrderController.payOrder(com.smart.program.request.order.PayOrderRequest)
2018-09-12 02:28:13.067  INFO 1139 --- [main] s.w.s.m.m.a.RequestMappingHandlerMapping : Mapped "{[/order/queryOrderDetail],methods=[POST]}" onto public com.smart.program.response.ResponseVO<com.smart.program.response.order.OrderDetailResponseList> com.smart.program.controller.OrderController.queryOrderDetail(com.smart.program.request.order.QueryOrderDetailRequest)
2018-09-12 02:28:13.067  INFO 1139 --- [main] s.w.s.m.m.a.RequestMappingHandlerMapping : Mapped "{[/order/placeOrder],methods=[POST]}" onto public com.smart.program.response.ResponseVO<com.smart.program.response.order.PlaceOrderResponse> com.smart.program.controller.OrderController.placeOrder(com.smart.program.request.order.PlaceOrderRequest)
2018-09-12 02:28:13.068  INFO 1139 --- [main] s.w.s.m.m.a.RequestMappingHandlerMapping : Mapped "{[/pay/pay],methods=[POST]}" onto public com.smart.program.response.ResponseVO<java.util.Map<java.lang.String, java.lang.Object>> com.smart.program.controller.PayController.pay(com.smart.program.request.pay.PayRequest)
2018-09-12 02:28:13.069  INFO 1139 --- [main] s.w.s.m.m.a.RequestMappingHandlerMapping : Mapped "{[/recharge/callBack]}" onto public void com.smart.program.controller.RechargeController.callBack(javax.servlet.http.HttpServletRequest,javax.servlet.http.HttpServletResponse) throws java.lang.Exception
2018-09-12 02:28:13.070  INFO 1139 --- [main] s.w.s.m.m.a.RequestMappingHandlerMapping : Mapped "{[/recharge/queryRechargePackage],methods=[POST]}" onto public com.smart.program.response.ResponseVO<java.util.List<com.smart.program.response.recharge.RechargePackageResponse>> com.smart.program.controller.RechargeController.queryRechargePackage()
2018-09-12 02:28:13.070  INFO 1139 --- [main] s.w.s.m.m.a.RequestMappingHandlerMapping : Mapped "{[/recharge/recharge],methods=[POST]}" onto public com.smart.program.response.ResponseVO<java.util.Map<java.lang.String, java.lang.Object>> com.smart.program.controller.RechargeController.recharge(com.smart.program.request.recharge.RechargeRequest)
2018-09-12 02:28:13.070  INFO 1139 --- [main] s.w.s.m.m.a.RequestMappingHandlerMapping : Mapped "{[/reserve/userReserve],methods=[POST]}" onto public com.smart.program.response.ResponseVO com.smart.program.controller.ReserveController.userReserve(com.smart.program.request.reserve.UserReserveRequest)
2018-09-12 02:28:13.071  INFO 1139 --- [main] s.w.s.m.m.a.RequestMappingHandlerMapping : Mapped "{[/restaurant/queryRestaurant]}" onto public com.smart.program.response.ResponseVO<com.smart.program.domain.restaurant.RestaurantEntity> com.smart.program.controller.RestaurantController.queryRestaurant()
2018-09-12 02:28:13.071  INFO 1139 --- [main] s.w.s.m.m.a.RequestMappingHandlerMapping : Mapped "{[/restaurant/queryRestaurantIntroduce]}" onto public com.smart.program.response.ResponseVO com.smart.program.controller.RestaurantController.queryRestaurantIntroduce()
2018-09-12 02:28:13.071  INFO 1139 --- [main] s.w.s.m.m.a.RequestMappingHandlerMapping : Mapped "{[/restaurant/queryRestaurantProperty]}" onto public com.smart.program.response.ResponseVO com.smart.program.controller.RestaurantController.queryRestaurantProperty()
2018-09-12 02:28:13.071  INFO 1139 --- [main] s.w.s.m.m.a.RequestMappingHandlerMapping : Mapped "{[/user/addUser],methods=[POST]}" onto public com.smart.program.response.ResponseVO com.smart.program.controller.UserController.addUser(com.smart.program.request.user.AddUserRequest)
2018-09-12 02:28:13.073  INFO 1139 --- [main] s.w.s.m.m.a.RequestMappingHandlerMapping : Mapped "{[/error]}" onto public org.springframework.http.ResponseEntity<java.util.Map<java.lang.String, java.lang.Object>> org.springframework.boot.autoconfigure.web.servlet.error.BasicErrorController.error(javax.servlet.http.HttpServletRequest)
2018-09-12 02:28:13.074  INFO 1139 --- [main] s.w.s.m.m.a.RequestMappingHandlerMapping : Mapped "{[/error],produces=[text/html]}" onto public org.springframework.web.servlet.ModelAndView org.springframework.boot.autoconfigure.web.servlet.error.BasicErrorController.errorHtml(javax.servlet.http.HttpServletRequest,javax.servlet.http.HttpServletResponse)
2018-09-12 02:28:13.097  INFO 1139 --- [main] o.s.w.s.handler.SimpleUrlHandlerMapping  : Mapped URL path [/webjars/**] onto handler of type [class org.springframework.web.servlet.resource.ResourceHttpRequestHandler]
2018-09-12 02:28:13.098  INFO 1139 --- [main] o.s.w.s.handler.SimpleUrlHandlerMapping  : Mapped URL path [/**] onto handler of type [class org.springframework.web.servlet.resource.ResourceHttpRequestHandler]
2018-09-12 02:28:13.343  INFO 1139 --- [main] o.s.j.e.a.AnnotationMBeanExporter        : Registering beans for JMX exposure on startup
2018-09-12 02:28:13.345  INFO 1139 --- [main] o.s.j.e.a.AnnotationMBeanExporter        : Bean with name 'dataSource' has been autodetected for JMX exposure
2018-09-12 02:28:13.351  INFO 1139 --- [main] o.s.j.e.a.AnnotationMBeanExporter        : Located MBean 'dataSource': registering with JMX server as MBean [com.alibaba.druid.pool:name=dataSource,type=DruidDataSource]
2018-09-12 02:28:13.395  INFO 1139 --- [main] o.s.b.w.embedded.tomcat.TomcatWebServer  : Tomcat started on port(s): 8080 (http) with context path '/order-foods'
2018-09-12 02:28:13.398  INFO 1139 --- [main] com.smart.program.ProgramApplication     : Started ProgramApplication in 6.161 seconds (JVM running for 6.917)
2018-09-12 02:28:16.993  INFO 1139 --- [http-nio-8080-exec-2] o.a.c.c.C.[.[localhost].[/order-foods]   : Initializing Spring FrameworkServlet 'dispatcherServlet'
2018-09-12 02:28:16.994  INFO 1139 --- [http-nio-8080-exec-2] o.s.web.servlet.DispatcherServlet        : FrameworkServlet 'dispatcherServlet': initialization started
2018-09-12 02:28:17.010  INFO 1139 --- [http-nio-8080-exec-2] o.s.web.servlet.DispatcherServlet        : FrameworkServlet 'dispatcherServlet': initialization completed in 16 ms
2018-09-12 02:29:43.148  INFO 1139 --- [Thread-15] ConfigServletWebServerApplicationContext : Closing org.springframework.boot.web.servlet.context.AnnotationConfigServletWebServerApplicationContext@27216cd: startup date [Wed Sep 12 02:28:07 CST 2018]; root of context hierarchy
2018-09-12 02:29:43.153  INFO 1139 --- [Thread-15] o.s.j.e.a.AnnotationMBeanExporter        : Unregistering JMX-exposed beans on shutdown
2018-09-12 02:29:43.154  INFO 1139 --- [Thread-15] o.s.j.e.a.AnnotationMBeanExporter        : Unregistering JMX-exposed beans
2018-09-12 02:29:43.162  INFO 1139 --- [Thread-15] j.LocalContainerEntityManagerFactoryBean : Closing JPA EntityManagerFactory for persistence unit 'default'
2018-09-12 02:29:43.168  INFO 1139 --- [Thread-15] com.alibaba.druid.pool.DruidDataSource   : {dataSource-1} closed
2018-09-12 02:29:46.973  INFO 1144 --- [main] com.smart.program.ProgramApplication     : Starting ProgramApplication on appledeMacBook-Pro with PID 1144 (/Users/apple/work/zammc-server/smartprogram/program/target/classes started by apple in /Users/apple/work/zammc-server/smartprogram)
2018-09-12 02:29:46.979  INFO 1144 --- [main] com.smart.program.ProgramApplication     : No active profile set, falling back to default profiles: default
2018-09-12 02:29:47.048  INFO 1144 --- [main] ConfigServletWebServerApplicationContext : Refreshing org.springframework.boot.web.servlet.context.AnnotationConfigServletWebServerApplicationContext@531f4093: startup date [Wed Sep 12 02:29:47 CST 2018]; root of context hierarchy
2018-09-12 02:29:48.258  INFO 1144 --- [main] trationDelegate$BeanPostProcessorChecker : Bean 'org.springframework.transaction.annotation.ProxyTransactionManagementConfiguration' of type [org.springframework.transaction.annotation.ProxyTransactionManagementConfiguration$$EnhancerBySpringCGLIB$$c0aee5c6] is not eligible for getting processed by all BeanPostProcessors (for example: not eligible for auto-proxying)
2018-09-12 02:29:48.482  INFO 1144 --- [main] o.s.b.w.embedded.tomcat.TomcatWebServer  : Tomcat initialized with port(s): 8080 (http)
2018-09-12 02:29:48.501  INFO 1144 --- [main] o.apache.catalina.core.StandardService   : Starting service [Tomcat]
2018-09-12 02:29:48.501  INFO 1144 --- [main] org.apache.catalina.core.StandardEngine  : Starting Servlet Engine: Apache Tomcat/8.5.29
2018-09-12 02:29:48.505  INFO 1144 --- [localhost-startStop-1] o.a.catalina.core.AprLifecycleListener   : The APR based Apache Tomcat Native library which allows optimal performance in production environments was not found on the java.library.path: [/Users/apple/Library/Java/Extensions:/Library/Java/Extensions:/Network/Library/Java/Extensions:/System/Library/Java/Extensions:/usr/lib/java:.]
2018-09-12 02:29:48.570  INFO 1144 --- [localhost-startStop-1] o.a.c.c.C.[.[localhost].[/order-foods]   : Initializing Spring embedded WebApplicationContext
2018-09-12 02:29:48.571  INFO 1144 --- [localhost-startStop-1] o.s.web.context.ContextLoader            : Root WebApplicationContext: initialization completed in 1523 ms
2018-09-12 02:29:48.715  INFO 1144 --- [localhost-startStop-1] o.s.b.w.servlet.ServletRegistrationBean  : Servlet statViewServlet mapped to [/druid/*]
2018-09-12 02:29:48.716  INFO 1144 --- [localhost-startStop-1] o.s.b.w.servlet.ServletRegistrationBean  : Servlet dispatcherServlet mapped to [/]
2018-09-12 02:29:48.720  INFO 1144 --- [localhost-startStop-1] o.s.b.w.servlet.FilterRegistrationBean   : Mapping filter: 'characterEncodingFilter' to: [/*]
2018-09-12 02:29:48.721  INFO 1144 --- [localhost-startStop-1] o.s.b.w.servlet.FilterRegistrationBean   : Mapping filter: 'hiddenHttpMethodFilter' to: [/*]
2018-09-12 02:29:48.721  INFO 1144 --- [localhost-startStop-1] o.s.b.w.servlet.FilterRegistrationBean   : Mapping filter: 'httpPutFormContentFilter' to: [/*]
2018-09-12 02:29:48.721  INFO 1144 --- [localhost-startStop-1] o.s.b.w.servlet.FilterRegistrationBean   : Mapping filter: 'requestContextFilter' to: [/*]
2018-09-12 02:29:48.722  INFO 1144 --- [localhost-startStop-1] o.s.b.w.servlet.FilterRegistrationBean   : Mapping filter: 'webStatFilter' to urls: [/*]
2018-09-12 02:29:48.915  INFO 1144 --- [main] com.alibaba.druid.pool.DruidDataSource   : {dataSource-1} inited
2018-09-12 02:29:50.188  INFO 1144 --- [main] j.LocalContainerEntityManagerFactoryBean : Building JPA container EntityManagerFactory for persistence unit 'default'
2018-09-12 02:29:50.198  INFO 1144 --- [main] o.hibernate.jpa.internal.util.LogHelper  : HHH000204: Processing PersistenceUnitInfo [
	name: default
	...]
2018-09-12 02:29:50.254  INFO 1144 --- [main] org.hibernate.Version                    : HHH000412: Hibernate Core {5.2.16.Final}
2018-09-12 02:29:50.255  INFO 1144 --- [main] org.hibernate.cfg.Environment            : HHH000206: hibernate.properties not found
2018-09-12 02:29:50.297  INFO 1144 --- [main] o.hibernate.annotations.common.Version   : HCANN000001: Hibernate Commons Annotations {5.0.1.Final}
2018-09-12 02:29:50.418  INFO 1144 --- [main] org.hibernate.dialect.Dialect            : HHH000400: Using dialect: org.hibernate.dialect.MySQL5Dialect
2018-09-12 02:29:50.978  INFO 1144 --- [main] j.LocalContainerEntityManagerFactoryBean : Initialized JPA EntityManagerFactory for persistence unit 'default'
2018-09-12 02:29:51.332  INFO 1144 --- [main] o.h.h.i.QueryTranslatorFactoryInitiator  : HHH000397: Using ASTQueryTranslatorFactory
2018-09-12 02:29:51.739  INFO 1144 --- [main] o.s.w.s.handler.SimpleUrlHandlerMapping  : Mapped URL path [/**/favicon.ico] onto handler of type [class org.springframework.web.servlet.resource.ResourceHttpRequestHandler]
2018-09-12 02:29:51.963  INFO 1144 --- [main] s.w.s.m.m.a.RequestMappingHandlerAdapter : Looking for @ControllerAdvice: org.springframework.boot.web.servlet.context.AnnotationConfigServletWebServerApplicationContext@531f4093: startup date [Wed Sep 12 02:29:47 CST 2018]; root of context hierarchy
2018-09-12 02:29:51.993  WARN 1144 --- [main] aWebConfiguration$JpaWebMvcConfiguration : spring.jpa.open-in-view is enabled by default. Therefore, database queries may be performed during view rendering. Explicitly configure spring.jpa.open-in-view to disable this warning
2018-09-12 02:29:52.024  INFO 1144 --- [main] s.w.s.m.m.a.RequestMappingHandlerMapping : Mapped "{[/account/queryUserAccount],methods=[POST]}" onto public com.smart.program.response.ResponseVO<com.smart.program.response.account.UserAccountResponse> com.smart.program.controller.AccountController.queryUserAccount(com.smart.program.request.UserRequest)
2018-09-12 02:29:52.025  INFO 1144 --- [main] s.w.s.m.m.a.RequestMappingHandlerMapping : Mapped "{[/account/queryUserAccountWater],methods=[POST]}" onto public com.smart.program.response.ResponseVO<java.util.List<com.smart.program.response.account.UserAccountWaterResponse>> com.smart.program.controller.AccountController.queryUserAccountWater(com.smart.program.request.UserRequest)
2018-09-12 02:29:52.026  INFO 1144 --- [main] s.w.s.m.m.a.RequestMappingHandlerMapping : Mapped "{[/activity/queryActivity],methods=[POST]}" onto public com.smart.program.response.ResponseVO<com.smart.program.response.pay.PayResponse> com.smart.program.controller.ActivityController.queryActivity()
2018-09-12 02:29:52.028  INFO 1144 --- [main] s.w.s.m.m.a.RequestMappingHandlerMapping : Mapped "{[/coupon/queryCouponList],methods=[POST]}" onto public com.smart.program.response.ResponseVO<java.util.List<com.smart.program.response.coupon.CouponResponse>> com.smart.program.controller.CouponController.queryCouponList(com.smart.program.request.UserRequest)
2018-09-12 02:29:52.029  INFO 1144 --- [main] s.w.s.m.m.a.RequestMappingHandlerMapping : Mapped "{[/coupon/receiveCoupon],methods=[POST]}" onto public com.smart.program.response.ResponseVO com.smart.program.controller.CouponController.receiveCoupon(com.smart.program.request.coupon.ReceiveCouponRequest)
2018-09-12 02:29:52.029  INFO 1144 --- [main] s.w.s.m.m.a.RequestMappingHandlerMapping : Mapped "{[/coupon/queryUserCoupons]}" onto public com.smart.program.response.ResponseVO<java.util.List<com.smart.program.response.coupon.CouponResponse>> com.smart.program.controller.CouponController.queryUserCoupons(com.smart.program.request.UserRequest)
2018-09-12 02:29:52.031  INFO 1144 --- [main] s.w.s.m.m.a.RequestMappingHandlerMapping : Mapped "{[/dining/updateDiningTableStatus/{id}],methods=[GET]}" onto public com.smart.program.response.ResponseVO<java.lang.String> com.smart.program.controller.DiningTableController.updateDiningTableStatus(java.lang.Long)
2018-09-12 02:29:52.031  INFO 1144 --- [main] s.w.s.m.m.a.RequestMappingHandlerMapping : Mapped "{[/dish/dishList],methods=[POST]}" onto public com.smart.program.response.ResponseVO com.smart.program.controller.DishController.userReserve()
2018-09-12 02:29:52.032  INFO 1144 --- [main] s.w.s.m.m.a.RequestMappingHandlerMapping : Mapped "{[/dish/goodsType],methods=[POST]}" onto public com.smart.program.response.ResponseVO com.smart.program.controller.DishController.goodsType(com.smart.program.request.dish.DishTypeRequest)
2018-09-12 02:29:52.032  INFO 1144 --- [main] s.w.s.m.m.a.RequestMappingHandlerMapping : Mapped "{[/home/queryHomePage],methods=[POST]}" onto public com.smart.program.response.ResponseVO<com.smart.program.response.homepage.HomePageResponse> com.smart.program.controller.HomePageController.queryHomePage()
2018-09-12 02:29:52.032  INFO 1144 --- [main] s.w.s.m.m.a.RequestMappingHandlerMapping : Mapped "{[/login/login/{jsCode}],methods=[GET]}" onto public com.smart.program.response.ResponseVO<com.smart.program.response.login.LoginResponse> com.smart.program.controller.LoginController.login(java.lang.String)
2018-09-12 02:29:52.035  INFO 1144 --- [main] s.w.s.m.m.a.RequestMappingHandlerMapping : Mapped "{[/order/queryUserOrder],methods=[POST]}" onto public com.smart.program.response.ResponseVO<com.smart.program.response.order.OrderResponseList> com.smart.program.controller.OrderController.queryUserOrder(com.smart.program.request.UserRequest)
2018-09-12 02:29:52.036  INFO 1144 --- [main] s.w.s.m.m.a.RequestMappingHandlerMapping : Mapped "{[/order/payOrder],methods=[PUT]}" onto public com.smart.program.response.ResponseVO<java.util.Map<java.lang.String, java.lang.Object>> com.smart.program.controller.OrderController.payOrder(com.smart.program.request.order.PayOrderRequest)
2018-09-12 02:29:52.036  INFO 1144 --- [main] s.w.s.m.m.a.RequestMappingHandlerMapping : Mapped "{[/order/queryOrderDetail],methods=[POST]}" onto public com.smart.program.response.ResponseVO<com.smart.program.response.order.OrderDetailResponseList> com.smart.program.controller.OrderController.queryOrderDetail(com.smart.program.request.order.QueryOrderDetailRequest)
2018-09-12 02:29:52.036  INFO 1144 --- [main] s.w.s.m.m.a.RequestMappingHandlerMapping : Mapped "{[/order/placeOrder],methods=[POST]}" onto public com.smart.program.response.ResponseVO<com.smart.program.response.order.PlaceOrderResponse> com.smart.program.controller.OrderController.placeOrder(com.smart.program.request.order.PlaceOrderRequest)
2018-09-12 02:29:52.037  INFO 1144 --- [main] s.w.s.m.m.a.RequestMappingHandlerMapping : Mapped "{[/pay/pay],methods=[POST]}" onto public com.smart.program.response.ResponseVO<java.util.Map<java.lang.String, java.lang.Object>> com.smart.program.controller.PayController.pay(com.smart.program.request.pay.PayRequest)
2018-09-12 02:29:52.039  INFO 1144 --- [main] s.w.s.m.m.a.RequestMappingHandlerMapping : Mapped "{[/recharge/callBack]}" onto public void com.smart.program.controller.RechargeController.callBack(javax.servlet.http.HttpServletRequest,javax.servlet.http.HttpServletResponse) throws java.lang.Exception
2018-09-12 02:29:52.039  INFO 1144 --- [main] s.w.s.m.m.a.RequestMappingHandlerMapping : Mapped "{[/recharge/queryRechargePackage],methods=[POST]}" onto public com.smart.program.response.ResponseVO<java.util.List<com.smart.program.response.recharge.RechargePackageResponse>> com.smart.program.controller.RechargeController.queryRechargePackage()
2018-09-12 02:29:52.040  INFO 1144 --- [main] s.w.s.m.m.a.RequestMappingHandlerMapping : Mapped "{[/recharge/recharge],methods=[POST]}" onto public com.smart.program.response.ResponseVO<java.util.Map<java.lang.String, java.lang.Object>> com.smart.program.controller.RechargeController.recharge(com.smart.program.request.recharge.RechargeRequest)
2018-09-12 02:29:52.040  INFO 1144 --- [main] s.w.s.m.m.a.RequestMappingHandlerMapping : Mapped "{[/reserve/userReserve],methods=[POST]}" onto public com.smart.program.response.ResponseVO com.smart.program.controller.ReserveController.userReserve(com.smart.program.request.reserve.UserReserveRequest)
2018-09-12 02:29:52.041  INFO 1144 --- [main] s.w.s.m.m.a.RequestMappingHandlerMapping : Mapped "{[/restaurant/queryRestaurantIntroduce]}" onto public com.smart.program.response.ResponseVO com.smart.program.controller.RestaurantController.queryRestaurantIntroduce()
2018-09-12 02:29:52.041  INFO 1144 --- [main] s.w.s.m.m.a.RequestMappingHandlerMapping : Mapped "{[/restaurant/queryRestaurantProperty]}" onto public com.smart.program.response.ResponseVO com.smart.program.controller.RestaurantController.queryRestaurantProperty()
2018-09-12 02:29:52.041  INFO 1144 --- [main] s.w.s.m.m.a.RequestMappingHandlerMapping : Mapped "{[/restaurant/queryRestaurant]}" onto public com.smart.program.response.ResponseVO<com.smart.program.domain.restaurant.RestaurantEntity> com.smart.program.controller.RestaurantController.queryRestaurant()
2018-09-12 02:29:52.042  INFO 1144 --- [main] s.w.s.m.m.a.RequestMappingHandlerMapping : Mapped "{[/user/addUser],methods=[POST]}" onto public com.smart.program.response.ResponseVO com.smart.program.controller.UserController.addUser(com.smart.program.request.user.AddUserRequest)
2018-09-12 02:29:52.044  INFO 1144 --- [main] s.w.s.m.m.a.RequestMappingHandlerMapping : Mapped "{[/error]}" onto public org.springframework.http.ResponseEntity<java.util.Map<java.lang.String, java.lang.Object>> org.springframework.boot.autoconfigure.web.servlet.error.BasicErrorController.error(javax.servlet.http.HttpServletRequest)
2018-09-12 02:29:52.044  INFO 1144 --- [main] s.w.s.m.m.a.RequestMappingHandlerMapping : Mapped "{[/error],produces=[text/html]}" onto public org.springframework.web.servlet.ModelAndView org.springframework.boot.autoconfigure.web.servlet.error.BasicErrorController.errorHtml(javax.servlet.http.HttpServletRequest,javax.servlet.http.HttpServletResponse)
2018-09-12 02:29:52.070  INFO 1144 --- [main] o.s.w.s.handler.SimpleUrlHandlerMapping  : Mapped URL path [/webjars/**] onto handler of type [class org.springframework.web.servlet.resource.ResourceHttpRequestHandler]
2018-09-12 02:29:52.071  INFO 1144 --- [main] o.s.w.s.handler.SimpleUrlHandlerMapping  : Mapped URL path [/**] onto handler of type [class org.springframework.web.servlet.resource.ResourceHttpRequestHandler]
2018-09-12 02:29:52.340  INFO 1144 --- [main] o.s.j.e.a.AnnotationMBeanExporter        : Registering beans for JMX exposure on startup
2018-09-12 02:29:52.342  INFO 1144 --- [main] o.s.j.e.a.AnnotationMBeanExporter        : Bean with name 'dataSource' has been autodetected for JMX exposure
2018-09-12 02:29:52.348  INFO 1144 --- [main] o.s.j.e.a.AnnotationMBeanExporter        : Located MBean 'dataSource': registering with JMX server as MBean [com.alibaba.druid.pool:name=dataSource,type=DruidDataSource]
2018-09-12 02:29:52.390  INFO 1144 --- [main] o.s.b.w.embedded.tomcat.TomcatWebServer  : Tomcat started on port(s): 8080 (http) with context path '/order-foods'
2018-09-12 02:29:52.394  INFO 1144 --- [main] com.smart.program.ProgramApplication     : Started ProgramApplication in 6.046 seconds (JVM running for 6.758)
2018-09-12 02:29:59.161  INFO 1144 --- [http-nio-8080-exec-1] o.a.c.c.C.[.[localhost].[/order-foods]   : Initializing Spring FrameworkServlet 'dispatcherServlet'
2018-09-12 02:29:59.161  INFO 1144 --- [http-nio-8080-exec-1] o.s.web.servlet.DispatcherServlet        : FrameworkServlet 'dispatcherServlet': initialization started
2018-09-12 02:29:59.181  INFO 1144 --- [http-nio-8080-exec-1] o.s.web.servlet.DispatcherServlet        : FrameworkServlet 'dispatcherServlet': initialization completed in 20 ms
2018-09-12 02:31:25.462  INFO 1144 --- [Thread-15] ConfigServletWebServerApplicationContext : Closing org.springframework.boot.web.servlet.context.AnnotationConfigServletWebServerApplicationContext@531f4093: startup date [Wed Sep 12 02:29:47 CST 2018]; root of context hierarchy
2018-09-12 02:31:25.467  INFO 1144 --- [Thread-15] o.s.j.e.a.AnnotationMBeanExporter        : Unregistering JMX-exposed beans on shutdown
2018-09-12 02:31:25.467  INFO 1144 --- [Thread-15] o.s.j.e.a.AnnotationMBeanExporter        : Unregistering JMX-exposed beans
2018-09-12 02:31:25.472  INFO 1144 --- [Thread-15] j.LocalContainerEntityManagerFactoryBean : Closing JPA EntityManagerFactory for persistence unit 'default'
2018-09-12 02:31:25.479  INFO 1144 --- [Thread-15] com.alibaba.druid.pool.DruidDataSource   : {dataSource-1} closed
2018-09-12 02:31:29.347  INFO 1150 --- [main] com.smart.program.ProgramApplication     : Starting ProgramApplication on appledeMacBook-Pro with PID 1150 (/Users/apple/work/zammc-server/smartprogram/program/target/classes started by apple in /Users/apple/work/zammc-server/smartprogram)
2018-09-12 02:31:29.351  INFO 1150 --- [main] com.smart.program.ProgramApplication     : No active profile set, falling back to default profiles: default
2018-09-12 02:31:29.434  INFO 1150 --- [main] ConfigServletWebServerApplicationContext : Refreshing org.springframework.boot.web.servlet.context.AnnotationConfigServletWebServerApplicationContext@7c8c9a05: startup date [Wed Sep 12 02:31:29 CST 2018]; root of context hierarchy
2018-09-12 02:31:30.705  INFO 1150 --- [main] trationDelegate$BeanPostProcessorChecker : Bean 'org.springframework.transaction.annotation.ProxyTransactionManagementConfiguration' of type [org.springframework.transaction.annotation.ProxyTransactionManagementConfiguration$$EnhancerBySpringCGLIB$$e56fcb24] is not eligible for getting processed by all BeanPostProcessors (for example: not eligible for auto-proxying)
2018-09-12 02:31:30.948  INFO 1150 --- [main] o.s.b.w.embedded.tomcat.TomcatWebServer  : Tomcat initialized with port(s): 8080 (http)
2018-09-12 02:31:30.967  INFO 1150 --- [main] o.apache.catalina.core.StandardService   : Starting service [Tomcat]
2018-09-12 02:31:30.967  INFO 1150 --- [main] org.apache.catalina.core.StandardEngine  : Starting Servlet Engine: Apache Tomcat/8.5.29
2018-09-12 02:31:30.971  INFO 1150 --- [localhost-startStop-1] o.a.catalina.core.AprLifecycleListener   : The APR based Apache Tomcat Native library which allows optimal performance in production environments was not found on the java.library.path: [/Users/apple/Library/Java/Extensions:/Library/Java/Extensions:/Network/Library/Java/Extensions:/System/Library/Java/Extensions:/usr/lib/java:.]
2018-09-12 02:31:31.057  INFO 1150 --- [localhost-startStop-1] o.a.c.c.C.[.[localhost].[/order-foods]   : Initializing Spring embedded WebApplicationContext
2018-09-12 02:31:31.057  INFO 1150 --- [localhost-startStop-1] o.s.web.context.ContextLoader            : Root WebApplicationContext: initialization completed in 1623 ms
2018-09-12 02:31:31.180  INFO 1150 --- [localhost-startStop-1] o.s.b.w.servlet.ServletRegistrationBean  : Servlet statViewServlet mapped to [/druid/*]
2018-09-12 02:31:31.181  INFO 1150 --- [localhost-startStop-1] o.s.b.w.servlet.ServletRegistrationBean  : Servlet dispatcherServlet mapped to [/]
2018-09-12 02:31:31.185  INFO 1150 --- [localhost-startStop-1] o.s.b.w.servlet.FilterRegistrationBean   : Mapping filter: 'characterEncodingFilter' to: [/*]
2018-09-12 02:31:31.186  INFO 1150 --- [localhost-startStop-1] o.s.b.w.servlet.FilterRegistrationBean   : Mapping filter: 'hiddenHttpMethodFilter' to: [/*]
2018-09-12 02:31:31.186  INFO 1150 --- [localhost-startStop-1] o.s.b.w.servlet.FilterRegistrationBean   : Mapping filter: 'httpPutFormContentFilter' to: [/*]
2018-09-12 02:31:31.186  INFO 1150 --- [localhost-startStop-1] o.s.b.w.servlet.FilterRegistrationBean   : Mapping filter: 'requestContextFilter' to: [/*]
2018-09-12 02:31:31.187  INFO 1150 --- [localhost-startStop-1] o.s.b.w.servlet.FilterRegistrationBean   : Mapping filter: 'webStatFilter' to urls: [/*]
2018-09-12 02:31:31.384  INFO 1150 --- [main] com.alibaba.druid.pool.DruidDataSource   : {dataSource-1} inited
2018-09-12 02:31:32.626  INFO 1150 --- [main] j.LocalContainerEntityManagerFactoryBean : Building JPA container EntityManagerFactory for persistence unit 'default'
2018-09-12 02:31:32.638  INFO 1150 --- [main] o.hibernate.jpa.internal.util.LogHelper  : HHH000204: Processing PersistenceUnitInfo [
	name: default
	...]
2018-09-12 02:31:32.703  INFO 1150 --- [main] org.hibernate.Version                    : HHH000412: Hibernate Core {5.2.16.Final}
2018-09-12 02:31:32.704  INFO 1150 --- [main] org.hibernate.cfg.Environment            : HHH000206: hibernate.properties not found
2018-09-12 02:31:32.737  INFO 1150 --- [main] o.hibernate.annotations.common.Version   : HCANN000001: Hibernate Commons Annotations {5.0.1.Final}
2018-09-12 02:31:32.866  INFO 1150 --- [main] org.hibernate.dialect.Dialect            : HHH000400: Using dialect: org.hibernate.dialect.MySQL5Dialect
2018-09-12 02:31:33.442  INFO 1150 --- [main] j.LocalContainerEntityManagerFactoryBean : Initialized JPA EntityManagerFactory for persistence unit 'default'
2018-09-12 02:31:33.804  INFO 1150 --- [main] o.h.h.i.QueryTranslatorFactoryInitiator  : HHH000397: Using ASTQueryTranslatorFactory
2018-09-12 02:31:34.248  INFO 1150 --- [main] o.s.w.s.handler.SimpleUrlHandlerMapping  : Mapped URL path [/**/favicon.ico] onto handler of type [class org.springframework.web.servlet.resource.ResourceHttpRequestHandler]
2018-09-12 02:31:34.541  INFO 1150 --- [main] s.w.s.m.m.a.RequestMappingHandlerAdapter : Looking for @ControllerAdvice: org.springframework.boot.web.servlet.context.AnnotationConfigServletWebServerApplicationContext@7c8c9a05: startup date [Wed Sep 12 02:31:29 CST 2018]; root of context hierarchy
2018-09-12 02:31:34.592  WARN 1150 --- [main] aWebConfiguration$JpaWebMvcConfiguration : spring.jpa.open-in-view is enabled by default. Therefore, database queries may be performed during view rendering. Explicitly configure spring.jpa.open-in-view to disable this warning
2018-09-12 02:31:34.639  INFO 1150 --- [main] s.w.s.m.m.a.RequestMappingHandlerMapping : Mapped "{[/account/queryUserAccount],methods=[POST]}" onto public com.smart.program.response.ResponseVO<com.smart.program.response.account.UserAccountResponse> com.smart.program.controller.AccountController.queryUserAccount(com.smart.program.request.UserRequest)
2018-09-12 02:31:34.642  INFO 1150 --- [main] s.w.s.m.m.a.RequestMappingHandlerMapping : Mapped "{[/account/queryUserAccountWater],methods=[POST]}" onto public com.smart.program.response.ResponseVO<java.util.List<com.smart.program.response.account.UserAccountWaterResponse>> com.smart.program.controller.AccountController.queryUserAccountWater(com.smart.program.request.UserRequest)
2018-09-12 02:31:34.643  INFO 1150 --- [main] s.w.s.m.m.a.RequestMappingHandlerMapping : Mapped "{[/activity/queryActivity],methods=[POST]}" onto public com.smart.program.response.ResponseVO<com.smart.program.response.pay.PayResponse> com.smart.program.controller.ActivityController.queryActivity()
2018-09-12 02:31:34.649  INFO 1150 --- [main] s.w.s.m.m.a.RequestMappingHandlerMapping : Mapped "{[/coupon/queryCouponList],methods=[POST]}" onto public com.smart.program.response.ResponseVO<java.util.List<com.smart.program.response.coupon.CouponResponse>> com.smart.program.controller.CouponController.queryCouponList(com.smart.program.request.UserRequest)
2018-09-12 02:31:34.650  INFO 1150 --- [main] s.w.s.m.m.a.RequestMappingHandlerMapping : Mapped "{[/coupon/receiveCoupon],methods=[POST]}" onto public com.smart.program.response.ResponseVO com.smart.program.controller.CouponController.receiveCoupon(com.smart.program.request.coupon.ReceiveCouponRequest)
2018-09-12 02:31:34.650  INFO 1150 --- [main] s.w.s.m.m.a.RequestMappingHandlerMapping : Mapped "{[/coupon/queryUserCoupons]}" onto public com.smart.program.response.ResponseVO<java.util.List<com.smart.program.response.coupon.CouponResponse>> com.smart.program.controller.CouponController.queryUserCoupons(com.smart.program.request.UserRequest)
2018-09-12 02:31:34.653  INFO 1150 --- [main] s.w.s.m.m.a.RequestMappingHandlerMapping : Mapped "{[/dining/updateDiningTableStatus/{id}],methods=[GET]}" onto public com.smart.program.response.ResponseVO<java.lang.String> com.smart.program.controller.DiningTableController.updateDiningTableStatus(java.lang.Long)
2018-09-12 02:31:34.653  INFO 1150 --- [main] s.w.s.m.m.a.RequestMappingHandlerMapping : Mapped "{[/dish/dishList],methods=[POST]}" onto public com.smart.program.response.ResponseVO com.smart.program.controller.DishController.userReserve()
2018-09-12 02:31:34.654  INFO 1150 --- [main] s.w.s.m.m.a.RequestMappingHandlerMapping : Mapped "{[/dish/goodsType],methods=[POST]}" onto public com.smart.program.response.ResponseVO com.smart.program.controller.DishController.goodsType(com.smart.program.request.dish.DishTypeRequest)
2018-09-12 02:31:34.654  INFO 1150 --- [main] s.w.s.m.m.a.RequestMappingHandlerMapping : Mapped "{[/home/queryHomePage],methods=[POST]}" onto public com.smart.program.response.ResponseVO<com.smart.program.response.homepage.HomePageResponse> com.smart.program.controller.HomePageController.queryHomePage()
2018-09-12 02:31:34.656  INFO 1150 --- [main] s.w.s.m.m.a.RequestMappingHandlerMapping : Mapped "{[/login/login/{jsCode}],methods=[GET]}" onto public com.smart.program.response.ResponseVO<com.smart.program.response.login.LoginResponse> com.smart.program.controller.LoginController.login(java.lang.String)
2018-09-12 02:31:34.659  INFO 1150 --- [main] s.w.s.m.m.a.RequestMappingHandlerMapping : Mapped "{[/order/queryUserOrder],methods=[POST]}" onto public com.smart.program.response.ResponseVO<com.smart.program.response.order.OrderResponseList> com.smart.program.controller.OrderController.queryUserOrder(com.smart.program.request.UserRequest)
2018-09-12 02:31:34.659  INFO 1150 --- [main] s.w.s.m.m.a.RequestMappingHandlerMapping : Mapped "{[/order/payOrder],methods=[PUT]}" onto public com.smart.program.response.ResponseVO<java.util.Map<java.lang.String, java.lang.Object>> com.smart.program.controller.OrderController.payOrder(com.smart.program.request.order.PayOrderRequest)
2018-09-12 02:31:34.660  INFO 1150 --- [main] s.w.s.m.m.a.RequestMappingHandlerMapping : Mapped "{[/order/queryOrderDetail],methods=[POST]}" onto public com.smart.program.response.ResponseVO<com.smart.program.response.order.OrderDetailResponseList> com.smart.program.controller.OrderController.queryOrderDetail(com.smart.program.request.order.QueryOrderDetailRequest)
2018-09-12 02:31:34.660  INFO 1150 --- [main] s.w.s.m.m.a.RequestMappingHandlerMapping : Mapped "{[/order/placeOrder],methods=[POST]}" onto public com.smart.program.response.ResponseVO<com.smart.program.response.order.PlaceOrderResponse> com.smart.program.controller.OrderController.placeOrder(com.smart.program.request.order.PlaceOrderRequest)
2018-09-12 02:31:34.661  INFO 1150 --- [main] s.w.s.m.m.a.RequestMappingHandlerMapping : Mapped "{[/pay/pay],methods=[POST]}" onto public com.smart.program.response.ResponseVO<java.util.Map<java.lang.String, java.lang.Object>> com.smart.program.controller.PayController.pay(com.smart.program.request.pay.PayRequest)
2018-09-12 02:31:34.666  INFO 1150 --- [main] s.w.s.m.m.a.RequestMappingHandlerMapping : Mapped "{[/recharge/queryRechargePackage],methods=[POST]}" onto public com.smart.program.response.ResponseVO<java.util.List<com.smart.program.response.recharge.RechargePackageResponse>> com.smart.program.controller.RechargeController.queryRechargePackage()
2018-09-12 02:31:34.666  INFO 1150 --- [main] s.w.s.m.m.a.RequestMappingHandlerMapping : Mapped "{[/recharge/recharge],methods=[POST]}" onto public com.smart.program.response.ResponseVO<java.util.Map<java.lang.String, java.lang.Object>> com.smart.program.controller.RechargeController.recharge(com.smart.program.request.recharge.RechargeRequest)
2018-09-12 02:31:34.667  INFO 1150 --- [main] s.w.s.m.m.a.RequestMappingHandlerMapping : Mapped "{[/recharge/callBack]}" onto public void com.smart.program.controller.RechargeController.callBack(javax.servlet.http.HttpServletRequest,javax.servlet.http.HttpServletResponse) throws java.lang.Exception
2018-09-12 02:31:34.668  INFO 1150 --- [main] s.w.s.m.m.a.RequestMappingHandlerMapping : Mapped "{[/reserve/userReserve],methods=[POST]}" onto public com.smart.program.response.ResponseVO com.smart.program.controller.ReserveController.userReserve(com.smart.program.request.reserve.UserReserveRequest)
2018-09-12 02:31:34.668  INFO 1150 --- [main] s.w.s.m.m.a.RequestMappingHandlerMapping : Mapped "{[/restaurant/queryRestaurant]}" onto public com.smart.program.response.ResponseVO<com.smart.program.domain.restaurant.RestaurantEntity> com.smart.program.controller.RestaurantController.queryRestaurant()
2018-09-12 02:31:34.669  INFO 1150 --- [main] s.w.s.m.m.a.RequestMappingHandlerMapping : Mapped "{[/restaurant/queryRestaurantProperty]}" onto public com.smart.program.response.ResponseVO com.smart.program.controller.RestaurantController.queryRestaurantProperty()
2018-09-12 02:31:34.669  INFO 1150 --- [main] s.w.s.m.m.a.RequestMappingHandlerMapping : Mapped "{[/restaurant/queryRestaurantIntroduce]}" onto public com.smart.program.response.ResponseVO com.smart.program.controller.RestaurantController.queryRestaurantIntroduce()
2018-09-12 02:31:34.670  INFO 1150 --- [main] s.w.s.m.m.a.RequestMappingHandlerMapping : Mapped "{[/user/addUser],methods=[POST]}" onto public com.smart.program.response.ResponseVO com.smart.program.controller.UserController.addUser(com.smart.program.request.user.AddUserRequest)
2018-09-12 02:31:34.674  INFO 1150 --- [main] s.w.s.m.m.a.RequestMappingHandlerMapping : Mapped "{[/error]}" onto public org.springframework.http.ResponseEntity<java.util.Map<java.lang.String, java.lang.Object>> org.springframework.boot.autoconfigure.web.servlet.error.BasicErrorController.error(javax.servlet.http.HttpServletRequest)
2018-09-12 02:31:34.675  INFO 1150 --- [main] s.w.s.m.m.a.RequestMappingHandlerMapping : Mapped "{[/error],produces=[text/html]}" onto public org.springframework.web.servlet.ModelAndView org.springframework.boot.autoconfigure.web.servlet.error.BasicErrorController.errorHtml(javax.servlet.http.HttpServletRequest,javax.servlet.http.HttpServletResponse)
2018-09-12 02:31:34.721  INFO 1150 --- [main] o.s.w.s.handler.SimpleUrlHandlerMapping  : Mapped URL path [/webjars/**] onto handler of type [class org.springframework.web.servlet.resource.ResourceHttpRequestHandler]
2018-09-12 02:31:34.721  INFO 1150 --- [main] o.s.w.s.handler.SimpleUrlHandlerMapping  : Mapped URL path [/**] onto handler of type [class org.springframework.web.servlet.resource.ResourceHttpRequestHandler]
2018-09-12 02:31:35.110  INFO 1150 --- [main] o.s.j.e.a.AnnotationMBeanExporter        : Registering beans for JMX exposure on startup
2018-09-12 02:31:35.111  INFO 1150 --- [main] o.s.j.e.a.AnnotationMBeanExporter        : Bean with name 'dataSource' has been autodetected for JMX exposure
2018-09-12 02:31:35.118  INFO 1150 --- [main] o.s.j.e.a.AnnotationMBeanExporter        : Located MBean 'dataSource': registering with JMX server as MBean [com.alibaba.druid.pool:name=dataSource,type=DruidDataSource]
2018-09-12 02:31:35.160  INFO 1150 --- [main] o.s.b.w.embedded.tomcat.TomcatWebServer  : Tomcat started on port(s): 8080 (http) with context path '/order-foods'
2018-09-12 02:31:35.164  INFO 1150 --- [main] com.smart.program.ProgramApplication     : Started ProgramApplication in 6.399 seconds (JVM running for 7.12)
2018-09-12 02:31:38.734  INFO 1150 --- [http-nio-8080-exec-2] o.a.c.c.C.[.[localhost].[/order-foods]   : Initializing Spring FrameworkServlet 'dispatcherServlet'
2018-09-12 02:31:38.736  INFO 1150 --- [http-nio-8080-exec-2] o.s.web.servlet.DispatcherServlet        : FrameworkServlet 'dispatcherServlet': initialization started
2018-09-12 02:31:38.752  INFO 1150 --- [http-nio-8080-exec-2] o.s.web.servlet.DispatcherServlet        : FrameworkServlet 'dispatcherServlet': initialization completed in 16 ms
2018-09-12 02:31:59.360  INFO 1150 --- [http-nio-8080-exec-3] o.apache.http.impl.execchain.RetryExec   : I/O exception (org.apache.http.NoHttpResponseException) caught when processing request to {s}->https://api.weixin.qq.com:443: The target server failed to respond
2018-09-12 02:31:59.366  INFO 1150 --- [http-nio-8080-exec-3] o.apache.http.impl.execchain.RetryExec   : Retrying request to {s}->https://api.weixin.qq.com:443
2018-09-12 02:33:22.635  INFO 1150 --- [Thread-15] ConfigServletWebServerApplicationContext : Closing org.springframework.boot.web.servlet.context.AnnotationConfigServletWebServerApplicationContext@7c8c9a05: startup date [Wed Sep 12 02:31:29 CST 2018]; root of context hierarchy
2018-09-12 02:33:22.646  INFO 1150 --- [Thread-15] o.s.j.e.a.AnnotationMBeanExporter        : Unregistering JMX-exposed beans on shutdown
2018-09-12 02:33:22.648  INFO 1150 --- [Thread-15] o.s.j.e.a.AnnotationMBeanExporter        : Unregistering JMX-exposed beans
2018-09-12 02:33:22.654  INFO 1150 --- [Thread-15] j.LocalContainerEntityManagerFactoryBean : Closing JPA EntityManagerFactory for persistence unit 'default'
2018-09-12 02:33:22.660  INFO 1150 --- [Thread-15] com.alibaba.druid.pool.DruidDataSource   : {dataSource-1} closed
